[2025-06-12 14:09:08,838] 123 __init__.py - INFO - Loaded config from Config_Yaml/model_config.yaml
[2025-06-12 14:09:08,839] 100 __init__.py - INFO - Running 'execute_mlflow_steps'...
[2025-06-12 14:09:08,839] 71 Experiment_Tracking_Prediction.py - INFO - MLflow tracking URI set to: https://dagshub.com/anp102618/market_predictor_mlops.mlflow
[2025-06-12 14:09:08,854] 123 __init__.py - INFO - Loaded config from Config_Yaml/tuned_model.yaml
[2025-06-12 14:09:08,864] 100 __init__.py - INFO - Running 'apply'...
[2025-06-12 14:09:08,900] 85 feature_splitting_scaling.py - INFO - Successfully applied scaling and data splitting.
[2025-06-12 14:09:08,900] 111 __init__.py - INFO - 'apply' completed in 0.0366 sec
[2025-06-12 14:09:08,901] 112 __init__.py - INFO - Memory used: 1039.45 KB (peak: 1281.04 KB)
[2025-06-12 14:09:08,906] 95 Experiment_Tracking_Prediction.py - INFO -  model fit completed successfully..
[2025-06-12 14:09:08,911] 99 Experiment_Tracking_Prediction.py - INFO - metrics evaluation completed successfully..
[2025-06-12 14:09:09,377] 107 Experiment_Tracking_Prediction.py - INFO - Started MLflow run: 1e6767f48c034e7f92456ca7bc251dc2
[2025-06-12 14:09:43,061] 100 __init__.py - INFO - Running 'time_series_forecasts'...
[2025-06-12 14:09:43,073] 138 time_series_models.py - INFO -  final_df successfully read ito variable df 
[2025-06-12 14:09:43,073] 100 __init__.py - INFO - Running 'forecast_next'...
[2025-06-12 14:09:43,075] 111 __init__.py - INFO - 'forecast_next' completed in 0.0017 sec
[2025-06-12 14:09:43,075] 112 __init__.py - INFO - Memory used: 325.57 KB (peak: 826.51 KB)
[2025-06-12 14:09:46,049] 147 time_series_models.py - INFO - GBM forecast successfully completed
[2025-06-12 14:09:49,064] 154 time_series_models.py - INFO - ARIMA forecast successfully completed
[2025-06-12 14:09:49,065] 100 __init__.py - INFO - Running 'forecast_next'...
[2025-06-12 14:09:49,813] 111 __init__.py - INFO - 'forecast_next' completed in 0.7486 sec
[2025-06-12 14:09:49,814] 112 __init__.py - INFO - Memory used: 1196.77 KB (peak: 38508.86 KB)
[2025-06-12 14:09:52,070] 161 time_series_models.py - INFO - Prophet forecast successfully completed
[2025-06-12 14:09:52,071] 100 __init__.py - INFO - Running 'forecast_next'...
[2025-06-12 14:09:52,197] 111 __init__.py - INFO - 'forecast_next' completed in 0.1260 sec
[2025-06-12 14:09:52,197] 112 __init__.py - INFO - Memory used: 127.06 KB (peak: 1138.61 KB)
[2025-06-12 14:09:55,058] 168 time_series_models.py - INFO - VAR forecast successfully completed
[2025-06-12 14:09:55,058] 171 time_series_models.py - INFO - Next Day Price Predictions:
[2025-06-12 14:09:55,058] 174 time_series_models.py - INFO - GBM: 25483.42
[2025-06-12 14:09:55,059] 174 time_series_models.py - INFO - ARIMA: 25142.0
[2025-06-12 14:09:55,059] 174 time_series_models.py - INFO - Prophet: 24666.15
[2025-06-12 14:09:55,059] 174 time_series_models.py - INFO - VAR: 25131.89
[2025-06-12 14:09:55,059] 183 time_series_models.py - INFO - Predictions saved to Tuned_Model/time_series_predictions.yaml
[2025-06-12 14:09:55,059] 111 __init__.py - INFO - 'time_series_forecasts' completed in 11.9982 sec
[2025-06-12 14:09:55,060] 112 __init__.py - INFO - Memory used: 0.00 KB (peak: 0.00 KB)
[2025-06-12 14:09:55,061] 152 __init__.py - INFO - Appended and saved config to Tuned_Model/time_series_predictions.yaml
[2025-06-12 14:09:55,065] 152 __init__.py - INFO - Appended and saved config to Tuned_Model/time_series_predictions.yaml
[2025-06-12 14:09:55,065] 123 __init__.py - INFO - Loaded config from Tuned_Model/time_series_predictions.yaml
[2025-06-12 14:09:55,067] 152 __init__.py - INFO - Appended and saved config to Tuned_Model/time_series_predictions.yaml
[2025-06-12 14:09:55,067] 128 time_series_models.py - INFO - Appended average_expected: 25126.89 to Tuned_Model/time_series_predictions.yaml
[2025-06-12 14:09:55,067] 217 __init__.py - INFO - Deleted: Tuned_Model/model.joblib
[2025-06-12 14:09:59,068] 184 Experiment_Tracking_Prediction.py - ERROR - Unhandled exception: INTERNAL_ERROR: Response: {'error': 'unsupported endpoint, please contact support@dagshub.com'}
Traceback (most recent call last):
  File "/home/runner/work/market_predictor_mlops/market_predictor_mlops/src/Experiment_Tracking_Prediction.py", line 141, in execute_mlflow_steps
    mlflow.sklearn.log_model(model, artifact_path=model_name, input_example=X_train.iloc[:1], signature=signature)
  File "/opt/hostedtoolcache/Python/3.10.17/x64/lib/python3.10/site-packages/mlflow/sklearn/__init__.py", line 426, in log_model
    return Model.log(
  File "/opt/hostedtoolcache/Python/3.10.17/x64/lib/python3.10/site-packages/mlflow/models/model.py", line 1161, in log
    model = mlflow.initialize_logged_model(
  File "/opt/hostedtoolcache/Python/3.10.17/x64/lib/python3.10/site-packages/mlflow/tracking/fluent.py", line 2130, in initialize_logged_model
    model = _create_logged_model(
  File "/opt/hostedtoolcache/Python/3.10.17/x64/lib/python3.10/site-packages/mlflow/tracking/fluent.py", line 2257, in _create_logged_model
    return MlflowClient().create_logged_model(
  File "/opt/hostedtoolcache/Python/3.10.17/x64/lib/python3.10/site-packages/mlflow/tracking/client.py", line 5356, in create_logged_model
    return self._tracking_client.create_logged_model(
  File "/opt/hostedtoolcache/Python/3.10.17/x64/lib/python3.10/site-packages/mlflow/tracking/_tracking_service/client.py", line 824, in create_logged_model
    return self.store.create_logged_model(
  File "/opt/hostedtoolcache/Python/3.10.17/x64/lib/python3.10/site-packages/mlflow/store/tracking/rest_store.py", line 936, in create_logged_model
    response_proto = self._call_endpoint(CreateLoggedModel, req_body)
  File "/opt/hostedtoolcache/Python/3.10.17/x64/lib/python3.10/site-packages/mlflow/store/tracking/rest_store.py", line 135, in _call_endpoint
    return call_endpoint(
  File "/opt/hostedtoolcache/Python/3.10.17/x64/lib/python3.10/site-packages/mlflow/utils/rest_utils.py", line 590, in call_endpoint
    response = verify_rest_response(response, endpoint)
  File "/opt/hostedtoolcache/Python/3.10.17/x64/lib/python3.10/site-packages/mlflow/utils/rest_utils.py", line 304, in verify_rest_response
    raise RestException(json.loads(response.text))
mlflow.exceptions.RestException: INTERNAL_ERROR: Response: {'error': 'unsupported endpoint, please contact support@dagshub.com'}
[2025-06-12 14:09:59,070] 111 __init__.py - INFO - 'execute_mlflow_steps' completed in 50.2315 sec
[2025-06-12 14:09:59,070] 112 __init__.py - INFO - Memory used: 0.00 KB (peak: 0.00 KB)
