[2025-06-13 07:31:42,502] 123 __init__.py - INFO - Loaded config from Config_Yaml/model_config.yaml
[2025-06-13 07:31:42,748] 123 __init__.py - INFO - Loaded config from Config_Yaml/model_config.yaml
[2025-06-13 07:31:42,945] 123 __init__.py - INFO - Loaded config from Config_Yaml/model_config.yaml
[2025-06-13 07:31:42,945] 32 main.py - INFO - Starting End to End ML pipeline execution...
[2025-06-13 07:31:42,945] 100 __init__.py - INFO - Running 'execute_pipeline'...
[2025-06-13 07:31:42,945] 18 main.py - INFO -  Starting End to End ML pipeline execution ...
[2025-06-13 07:31:42,945] 231 __init__.py - INFO - Starting Backing up of final_data.csv , joblib model , mlflow details yaml for previous trading day..
[2025-06-13 07:31:42,945] 170 __init__.py - INFO - Copied CSV: Data\processed_data\final_data.csv to Data\previous_data\final_data.csv
[2025-06-13 07:31:42,971] 196 __init__.py - INFO - Copied .JOBLIB: Tuned_Model\model.joblib → Data\previous_data\model.joblib
[2025-06-13 07:31:42,990] 196 __init__.py - INFO - Copied .YAML: Tuned_Model\mlflow_details.yaml → Data\previous_data\mlflow_details.yaml
[2025-06-13 07:31:43,007] 196 __init__.py - INFO - Copied .YAML: Tuned_Model\time_series_predictions.yaml → Data\previous_data\time_series_predictions.yaml
[2025-06-13 07:31:43,007] 234 __init__.py - INFO - Backing up of previous trading day artifacts  completed ..
[2025-06-13 07:31:43,007] 100 __init__.py - INFO - Running 'execute_data_ingestion'...
[2025-06-13 07:31:43,007] 474 Data_Ingestion.py - INFO - Starting Data Ingestion pipeline
[2025-06-13 07:31:43,010] 100 __init__.py - INFO - Running 'initiate_dbs'...
[2025-06-13 07:31:43,010] 57 db_handler.py - INFO - starting dbs table formation 
[2025-06-13 07:31:43,091] 100 __init__.py - INFO - Running 'write_df'...
[2025-06-13 07:31:43,091] 100 __init__.py - INFO - Running 'connect'...
[2025-06-13 07:31:43,107] 111 __init__.py - INFO - 'connect' completed in 0.0164 sec
[2025-06-13 07:31:43,118] 112 __init__.py - INFO - Memory used: 499.60 KB (peak: 680.51 KB)
[2025-06-13 07:31:43,167] 48 db_handler.py - INFO - [DB WRITE] Wrote 1178 records to table 'ticker_data' from file 'Data/raw_data/ticker_data.csv'
[2025-06-13 07:31:43,167] 111 __init__.py - INFO - 'write_df' completed in 0.0765 sec
[2025-06-13 07:31:43,167] 112 __init__.py - INFO - Memory used: 0.00 KB (peak: 0.00 KB)
[2025-06-13 07:31:43,167] 100 __init__.py - INFO - Running 'write_df'...
[2025-06-13 07:31:43,167] 100 __init__.py - INFO - Running 'connect'...
[2025-06-13 07:31:43,171] 111 __init__.py - INFO - 'connect' completed in 0.0000 sec
[2025-06-13 07:31:43,171] 112 __init__.py - INFO - Memory used: 0.53 KB (peak: 2.39 KB)
[2025-06-13 07:31:43,200] 48 db_handler.py - INFO - [DB WRITE] Wrote 1411 records to table 'news_data' from file 'Data/raw_data/news_data.csv'
[2025-06-13 07:31:43,200] 111 __init__.py - INFO - 'write_df' completed in 0.0330 sec
[2025-06-13 07:31:43,200] 112 __init__.py - INFO - Memory used: 0.00 KB (peak: 0.00 KB)
[2025-06-13 07:31:43,200] 63 db_handler.py - INFO - dbs table formation completed successfully
[2025-06-13 07:31:43,200] 111 __init__.py - INFO - 'initiate_dbs' completed in 0.1901 sec
[2025-06-13 07:31:43,200] 112 __init__.py - INFO - Memory used: 0.00 KB (peak: 0.00 KB)
[2025-06-13 07:31:43,200] 100 __init__.py - INFO - Running 'update_data'...
[2025-06-13 07:31:43,204] 100 __init__.py - INFO - Running 'fetch_df'...
[2025-06-13 07:31:43,205] 100 __init__.py - INFO - Running 'connect'...
[2025-06-13 07:31:43,205] 111 __init__.py - INFO - 'connect' completed in 0.0000 sec
[2025-06-13 07:31:43,208] 112 __init__.py - INFO - Memory used: 2.48 KB (peak: 4.29 KB)
[2025-06-13 07:31:43,217] 111 __init__.py - INFO - 'fetch_df' completed in 0.0125 sec
[2025-06-13 07:31:43,217] 112 __init__.py - INFO - Memory used: 0.00 KB (peak: 0.00 KB)
[2025-06-13 07:31:43,240] 358 Data_Ingestion.py - INFO - Existing ticker_df columns :Index(['date', 'nasdaq', 'sp500', 'dj30', 'crude_oil', 'gold', 'usd_inr',
       '10yb', 'vix', 'nsebank', 'nsei'],
      dtype='object')
[2025-06-13 07:31:43,242] 100 __init__.py - INFO - Running 'get_last_date_from_db'...
[2025-06-13 07:31:43,242] 100 __init__.py - INFO - Running 'fetch_df'...
[2025-06-13 07:31:43,242] 100 __init__.py - INFO - Running 'connect'...
[2025-06-13 07:31:43,242] 111 __init__.py - INFO - 'connect' completed in 0.0000 sec
[2025-06-13 07:31:43,242] 112 __init__.py - INFO - Memory used: 1.87 KB (peak: 3.73 KB)
[2025-06-13 07:31:43,255] 111 __init__.py - INFO - 'fetch_df' completed in 0.0130 sec
[2025-06-13 07:31:43,255] 112 __init__.py - INFO - Memory used: 0.00 KB (peak: 0.00 KB)
[2025-06-13 07:31:43,259] 340 Data_Ingestion.py - INFO - [DB] Last news date: 2025-06-11
[2025-06-13 07:31:43,259] 111 __init__.py - INFO - 'get_last_date_from_db' completed in 0.0168 sec
[2025-06-13 07:31:43,259] 112 __init__.py - INFO - Memory used: 0.00 KB (peak: 0.00 KB)
[2025-06-13 07:31:48,284] 370 Data_Ingestion.py - INFO - Start get_closing_price for ticker :%5EIXIC
[2025-06-13 07:31:48,284] 100 __init__.py - INFO - Running 'get_closing_prices'...
[2025-06-13 07:31:48,284] 290 Data_Ingestion.py - INFO - [%5EIXIC] Attempt 1: Fetching https://finance.yahoo.com/quote/%5EIXIC/history
[2025-06-13 07:32:37,526] 313 Data_Ingestion.py - INFO - [%5EIXIC] Successfully scraped 250 rows.
[2025-06-13 07:32:39,680] 111 __init__.py - INFO - 'get_closing_prices' completed in 51.3958 sec
[2025-06-13 07:32:39,680] 112 __init__.py - INFO - Memory used: 510.35 KB (peak: 18048.92 KB)
[2025-06-13 07:32:39,720] 383 Data_Ingestion.py - INFO -  get_closing_price successfully executed for ticker :%5EIXIC
[2025-06-13 07:32:44,732] 370 Data_Ingestion.py - INFO - Start get_closing_price for ticker :%5EDJI
[2025-06-13 07:32:44,732] 100 __init__.py - INFO - Running 'get_closing_prices'...
[2025-06-13 07:32:44,732] 290 Data_Ingestion.py - INFO - [%5EDJI] Attempt 1: Fetching https://finance.yahoo.com/quote/%5EDJI/history
[2025-06-13 07:33:26,570] 313 Data_Ingestion.py - INFO - [%5EDJI] Successfully scraped 250 rows.
[2025-06-13 07:33:28,728] 111 __init__.py - INFO - 'get_closing_prices' completed in 43.9957 sec
[2025-06-13 07:33:28,728] 112 __init__.py - INFO - Memory used: 52.78 KB (peak: 727.38 KB)
[2025-06-13 07:33:28,746] 383 Data_Ingestion.py - INFO -  get_closing_price successfully executed for ticker :%5EDJI
[2025-06-13 07:33:33,760] 370 Data_Ingestion.py - INFO - Start get_closing_price for ticker :%5EGSPC
[2025-06-13 07:33:33,762] 100 __init__.py - INFO - Running 'get_closing_prices'...
[2025-06-13 07:33:33,762] 290 Data_Ingestion.py - INFO - [%5EGSPC] Attempt 1: Fetching https://finance.yahoo.com/quote/%5EGSPC/history
[2025-06-13 07:34:16,935] 313 Data_Ingestion.py - INFO - [%5EGSPC] Successfully scraped 250 rows.
[2025-06-13 07:34:19,098] 111 __init__.py - INFO - 'get_closing_prices' completed in 45.3353 sec
[2025-06-13 07:34:19,100] 112 __init__.py - INFO - Memory used: 47.23 KB (peak: 726.70 KB)
[2025-06-13 07:34:19,117] 383 Data_Ingestion.py - INFO -  get_closing_price successfully executed for ticker :%5EGSPC
[2025-06-13 07:34:24,120] 370 Data_Ingestion.py - INFO - Start get_closing_price for ticker :GC%3DF
[2025-06-13 07:34:24,120] 100 __init__.py - INFO - Running 'get_closing_prices'...
[2025-06-13 07:34:24,120] 290 Data_Ingestion.py - INFO - [GC%3DF] Attempt 1: Fetching https://finance.yahoo.com/quote/GC%3DF/history
[2025-06-13 07:35:06,545] 313 Data_Ingestion.py - INFO - [GC%3DF] Successfully scraped 253 rows.
[2025-06-13 07:35:08,694] 111 __init__.py - INFO - 'get_closing_prices' completed in 44.5733 sec
[2025-06-13 07:35:08,694] 112 __init__.py - INFO - Memory used: 49.34 KB (peak: 725.38 KB)
[2025-06-13 07:35:08,724] 383 Data_Ingestion.py - INFO -  get_closing_price successfully executed for ticker :GC%3DF
[2025-06-13 07:35:13,730] 370 Data_Ingestion.py - INFO - Start get_closing_price for ticker :CL%3DF
[2025-06-13 07:35:13,732] 100 __init__.py - INFO - Running 'get_closing_prices'...
[2025-06-13 07:35:13,732] 290 Data_Ingestion.py - INFO - [CL%3DF] Attempt 1: Fetching https://finance.yahoo.com/quote/CL%3DF/history
[2025-06-13 07:36:44,197] 313 Data_Ingestion.py - INFO - [CL%3DF] Successfully scraped 253 rows.
[2025-06-13 07:36:46,525] 111 __init__.py - INFO - 'get_closing_prices' completed in 92.7937 sec
[2025-06-13 07:36:46,525] 112 __init__.py - INFO - Memory used: 53.49 KB (peak: 719.64 KB)
[2025-06-13 07:36:46,556] 383 Data_Ingestion.py - INFO -  get_closing_price successfully executed for ticker :CL%3DF
[2025-06-13 07:36:51,566] 370 Data_Ingestion.py - INFO - Start get_closing_price for ticker :INR%3DX
[2025-06-13 07:36:51,566] 100 __init__.py - INFO - Running 'get_closing_prices'...
[2025-06-13 07:36:51,566] 290 Data_Ingestion.py - INFO - [INR%3DX] Attempt 1: Fetching https://finance.yahoo.com/quote/INR%3DX/history
[2025-06-13 07:38:25,342] 313 Data_Ingestion.py - INFO - [INR%3DX] Successfully scraped 259 rows.
[2025-06-13 07:38:27,668] 111 __init__.py - INFO - 'get_closing_prices' completed in 96.1022 sec
[2025-06-13 07:38:27,668] 112 __init__.py - INFO - Memory used: 40.87 KB (peak: 725.97 KB)
[2025-06-13 07:38:27,695] 383 Data_Ingestion.py - INFO -  get_closing_price successfully executed for ticker :INR%3DX
[2025-06-13 07:38:32,708] 370 Data_Ingestion.py - INFO - Start get_closing_price for ticker :%5ENSEBANK
[2025-06-13 07:38:32,708] 100 __init__.py - INFO - Running 'get_closing_prices'...
[2025-06-13 07:38:32,708] 290 Data_Ingestion.py - INFO - [%5ENSEBANK] Attempt 1: Fetching https://finance.yahoo.com/quote/%5ENSEBANK/history
[2025-06-13 07:40:01,074] 313 Data_Ingestion.py - INFO - [%5ENSEBANK] Successfully scraped 247 rows.
[2025-06-13 07:40:03,429] 111 __init__.py - INFO - 'get_closing_prices' completed in 90.7213 sec
[2025-06-13 07:40:03,429] 112 __init__.py - INFO - Memory used: 45.53 KB (peak: 725.32 KB)
[2025-06-13 07:40:03,460] 383 Data_Ingestion.py - INFO -  get_closing_price successfully executed for ticker :%5ENSEBANK
[2025-06-13 07:40:08,471] 370 Data_Ingestion.py - INFO - Start get_closing_price for ticker :%5ETNX
[2025-06-13 07:40:08,471] 100 __init__.py - INFO - Running 'get_closing_prices'...
[2025-06-13 07:40:08,471] 290 Data_Ingestion.py - INFO - [%5ETNX] Attempt 1: Fetching https://finance.yahoo.com/quote/%5ETNX/history
[2025-06-13 07:41:38,696] 313 Data_Ingestion.py - INFO - [%5ETNX] Successfully scraped 251 rows.
[2025-06-13 07:41:41,043] 111 __init__.py - INFO - 'get_closing_prices' completed in 92.5718 sec
[2025-06-13 07:41:41,043] 112 __init__.py - INFO - Memory used: 48.79 KB (peak: 726.17 KB)
[2025-06-13 07:41:41,067] 383 Data_Ingestion.py - INFO -  get_closing_price successfully executed for ticker :%5ETNX
[2025-06-13 07:41:46,073] 370 Data_Ingestion.py - INFO - Start get_closing_price for ticker :%5EVIX
[2025-06-13 07:41:46,073] 100 __init__.py - INFO - Running 'get_closing_prices'...
[2025-06-13 07:41:46,073] 290 Data_Ingestion.py - INFO - [%5EVIX] Attempt 1: Fetching https://finance.yahoo.com/quote/%5EVIX/history
[2025-06-13 07:42:36,220] 313 Data_Ingestion.py - INFO - [%5EVIX] Successfully scraped 251 rows.
[2025-06-13 07:42:38,398] 111 __init__.py - INFO - 'get_closing_prices' completed in 52.3247 sec
[2025-06-13 07:42:38,398] 112 __init__.py - INFO - Memory used: 39.65 KB (peak: 717.89 KB)
[2025-06-13 07:42:38,419] 383 Data_Ingestion.py - INFO -  get_closing_price successfully executed for ticker :%5EVIX
[2025-06-13 07:42:43,431] 370 Data_Ingestion.py - INFO - Start get_closing_price for ticker :%5ENSEI
[2025-06-13 07:42:43,431] 100 __init__.py - INFO - Running 'get_closing_prices'...
[2025-06-13 07:42:43,431] 290 Data_Ingestion.py - INFO - [%5ENSEI] Attempt 1: Fetching https://finance.yahoo.com/quote/%5ENSEI/history
[2025-06-13 07:44:03,214] 313 Data_Ingestion.py - INFO - [%5ENSEI] Successfully scraped 248 rows.
[2025-06-13 07:44:05,376] 111 __init__.py - INFO - 'get_closing_prices' completed in 81.9448 sec
[2025-06-13 07:44:05,376] 112 __init__.py - INFO - Memory used: 39.25 KB (peak: 726.54 KB)
[2025-06-13 07:44:05,398] 383 Data_Ingestion.py - INFO -  get_closing_price successfully executed for ticker :%5ENSEI
[2025-06-13 07:44:05,416] 387 Data_Ingestion.py - INFO - Successfully updated  new_ticker_data.csv with new stock data.
[2025-06-13 07:44:05,470] 397 Data_Ingestion.py - INFO - Successfully updated ticker_data.csv with new stock data.
[2025-06-13 07:44:05,470] 100 __init__.py - INFO - Running 'write_df'...
[2025-06-13 07:44:05,470] 100 __init__.py - INFO - Running 'connect'...
[2025-06-13 07:44:05,470] 111 __init__.py - INFO - 'connect' completed in 0.0000 sec
[2025-06-13 07:44:05,470] 112 __init__.py - INFO - Memory used: 1.02 KB (peak: 2.89 KB)
[2025-06-13 07:44:05,525] 48 db_handler.py - INFO - [DB WRITE] Wrote 1179 records to table 'ticker_data' from file 'Data\raw_data\ticker_data.csv'
[2025-06-13 07:44:05,525] 111 __init__.py - INFO - 'write_df' completed in 0.0545 sec
[2025-06-13 07:44:05,525] 112 __init__.py - INFO - Memory used: 0.00 KB (peak: 0.00 KB)
[2025-06-13 07:44:05,525] 399 Data_Ingestion.py - INFO - Successfully updated db table ticker_data with new stock data.
[2025-06-13 07:44:05,527] 111 __init__.py - INFO - 'update_data' completed in 742.3227 sec
[2025-06-13 07:44:05,527] 112 __init__.py - INFO - Memory used: 0.00 KB (peak: 0.00 KB)
[2025-06-13 07:44:05,527] 100 __init__.py - INFO - Running 'update_data'...
[2025-06-13 07:44:05,529] 148 Data_Ingestion.py - INFO - Starting update_dataframe for news_data table 
[2025-06-13 07:44:05,530] 100 __init__.py - INFO - Running 'get_last_date_from_db'...
[2025-06-13 07:44:05,530] 100 __init__.py - INFO - Running 'fetch_df'...
[2025-06-13 07:44:05,530] 100 __init__.py - INFO - Running 'connect'...
[2025-06-13 07:44:05,533] 111 __init__.py - INFO - 'connect' completed in 0.0032 sec
[2025-06-13 07:44:05,535] 112 __init__.py - INFO - Memory used: 2.99 KB (peak: 4.86 KB)
[2025-06-13 07:44:05,537] 111 __init__.py - INFO - 'fetch_df' completed in 0.0066 sec
[2025-06-13 07:44:05,542] 112 __init__.py - INFO - Memory used: 0.00 KB (peak: 0.00 KB)
[2025-06-13 07:44:05,545] 89 Data_Ingestion.py - INFO - [DB] Last news date: 2025-06-11
[2025-06-13 07:44:05,545] 111 __init__.py - INFO - 'get_last_date_from_db' completed in 0.0147 sec
[2025-06-13 07:44:05,545] 112 __init__.py - INFO - Memory used: 0.00 KB (peak: 0.00 KB)
[2025-06-13 07:44:05,550] 162 Data_Ingestion.py - INFO - [SCRAPE] Fetching page 1
[2025-06-13 07:44:17,498] 100 __init__.py - INFO - Running 'extract_text'...
[2025-06-13 07:44:17,498] 103 Data_Ingestion.py - INFO - [SCRAPER] Attempt 1 for URL: https://in.investing.com/news/stock-market-news/nifty-ends-lower-on-weekly-expiry-financials-autos-it-lead-broad-market-selloff-4873602
[2025-06-13 07:44:26,632] 130 Data_Ingestion.py - INFO - [SCRAPER] Successfully extracted article for URL: https://in.investing.com/news/stock-market-news/nifty-ends-lower-on-weekly-expiry-financials-autos-it-lead-broad-market-selloff-4873602
[2025-06-13 07:44:28,795] 111 __init__.py - INFO - 'extract_text' completed in 11.2969 sec
[2025-06-13 07:44:28,797] 112 __init__.py - INFO - Memory used: 50.22 KB (peak: 727.65 KB)
[2025-06-13 07:44:28,797] 100 __init__.py - INFO - Running 'extract_text'...
[2025-06-13 07:44:28,797] 103 Data_Ingestion.py - INFO - [SCRAPER] Attempt 1 for URL: https://in.investing.com/news/stock-market-news/india-shares-lower-at-close-of-trade-nifty-50-down-101-4873579
[2025-06-13 07:44:37,631] 130 Data_Ingestion.py - INFO - [SCRAPER] Successfully extracted article for URL: https://in.investing.com/news/stock-market-news/india-shares-lower-at-close-of-trade-nifty-50-down-101-4873579
[2025-06-13 07:44:39,798] 111 __init__.py - INFO - 'extract_text' completed in 11.0008 sec
[2025-06-13 07:44:39,798] 112 __init__.py - INFO - Memory used: 27.50 KB (peak: 725.00 KB)
[2025-06-13 07:44:39,798] 100 __init__.py - INFO - Running 'extract_text'...
[2025-06-13 07:44:39,798] 103 Data_Ingestion.py - INFO - [SCRAPER] Attempt 1 for URL: https://in.investing.com/news/stock-market-news/breakout-watch-sebi-ra-financial-sarthis-identifies-5-oil--gas-stocks-poised-to-gain-from-sectoral-rotation-4873465
[2025-06-13 07:44:48,843] 130 Data_Ingestion.py - INFO - [SCRAPER] Successfully extracted article for URL: https://in.investing.com/news/stock-market-news/breakout-watch-sebi-ra-financial-sarthis-identifies-5-oil--gas-stocks-poised-to-gain-from-sectoral-rotation-4873465
[2025-06-13 07:44:51,061] 111 __init__.py - INFO - 'extract_text' completed in 11.2623 sec
[2025-06-13 07:44:51,061] 112 __init__.py - INFO - Memory used: 34.10 KB (peak: 725.69 KB)
[2025-06-13 07:44:51,065] 100 __init__.py - INFO - Running 'extract_text'...
[2025-06-13 07:44:51,065] 103 Data_Ingestion.py - INFO - [SCRAPER] Attempt 1 for URL: https://in.investing.com/news/stock-market-news/asian-markets-open-nikkei-hang-seng-fall-on-55-uschina-tariff-shock-sensex-poised-for-weak-start-4873291
[2025-06-13 07:45:00,664] 130 Data_Ingestion.py - INFO - [SCRAPER] Successfully extracted article for URL: https://in.investing.com/news/stock-market-news/asian-markets-open-nikkei-hang-seng-fall-on-55-uschina-tariff-shock-sensex-poised-for-weak-start-4873291
[2025-06-13 07:45:02,839] 111 __init__.py - INFO - 'extract_text' completed in 11.7748 sec
[2025-06-13 07:45:02,839] 112 __init__.py - INFO - Memory used: 34.44 KB (peak: 723.18 KB)
[2025-06-13 07:45:02,843] 100 __init__.py - INFO - Running 'extract_text'...
[2025-06-13 07:45:02,843] 103 Data_Ingestion.py - INFO - [SCRAPER] Attempt 1 for URL: https://in.investing.com/news/stock-market-news/indian-markets-open-flat-as-traders-eye-expiry-moves-sebi-ras-set-nifty-range-at-2500025250-4873186
[2025-06-13 07:45:20,944] 130 Data_Ingestion.py - INFO - [SCRAPER] Successfully extracted article for URL: https://in.investing.com/news/stock-market-news/indian-markets-open-flat-as-traders-eye-expiry-moves-sebi-ras-set-nifty-range-at-2500025250-4873186
[2025-06-13 07:45:23,107] 111 __init__.py - INFO - 'extract_text' completed in 20.2634 sec
[2025-06-13 07:45:23,107] 112 __init__.py - INFO - Memory used: 32.98 KB (peak: 722.26 KB)
[2025-06-13 07:45:23,110] 100 __init__.py - INFO - Running 'extract_text'...
[2025-06-13 07:45:23,110] 103 Data_Ingestion.py - INFO - [SCRAPER] Attempt 1 for URL: https://in.investing.com/news/stock-market-news/asia-stocks-spooked-by-trump-tariff-talk-iran-tensions-4873159
[2025-06-13 07:45:32,333] 130 Data_Ingestion.py - INFO - [SCRAPER] Successfully extracted article for URL: https://in.investing.com/news/stock-market-news/asia-stocks-spooked-by-trump-tariff-talk-iran-tensions-4873159
[2025-06-13 07:45:34,482] 111 __init__.py - INFO - 'extract_text' completed in 11.3715 sec
[2025-06-13 07:45:34,482] 112 __init__.py - INFO - Memory used: 29.58 KB (peak: 725.15 KB)
[2025-06-13 07:45:34,482] 100 __init__.py - INFO - Running 'extract_text'...
[2025-06-13 07:45:34,482] 103 Data_Ingestion.py - INFO - [SCRAPER] Attempt 1 for URL: https://in.investing.com/news/stock-market-news/india-market-watch-sebi-ras-point-to-2520025250-for-niftys-next-move-4873153
[2025-06-13 07:45:43,971] 130 Data_Ingestion.py - INFO - [SCRAPER] Successfully extracted article for URL: https://in.investing.com/news/stock-market-news/india-market-watch-sebi-ras-point-to-2520025250-for-niftys-next-move-4873153
[2025-06-13 07:45:46,151] 111 __init__.py - INFO - 'extract_text' completed in 11.6692 sec
[2025-06-13 07:45:46,151] 112 __init__.py - INFO - Memory used: 32.25 KB (peak: 725.56 KB)
[2025-06-13 07:45:46,155] 100 __init__.py - INFO - Running 'extract_text'...
[2025-06-13 07:45:46,155] 103 Data_Ingestion.py - INFO - [SCRAPER] Attempt 1 for URL: https://in.investing.com/news/stock-market-news/nifty-ends-higher-but-liquor-finance-stocks-drag-sebi-ra-sees-upside-continuation-4871625
[2025-06-13 07:45:55,624] 130 Data_Ingestion.py - INFO - [SCRAPER] Successfully extracted article for URL: https://in.investing.com/news/stock-market-news/nifty-ends-higher-but-liquor-finance-stocks-drag-sebi-ra-sees-upside-continuation-4871625
[2025-06-13 07:45:57,813] 111 __init__.py - INFO - 'extract_text' completed in 11.6577 sec
[2025-06-13 07:45:57,813] 112 __init__.py - INFO - Memory used: 35.76 KB (peak: 724.15 KB)
[2025-06-13 07:45:57,816] 100 __init__.py - INFO - Running 'extract_text'...
[2025-06-13 07:45:57,816] 103 Data_Ingestion.py - INFO - [SCRAPER] Attempt 1 for URL: https://in.investing.com/news/stock-market-news/india-shares-higher-at-close-of-trade-nifty-50-up-015-4871580
[2025-06-13 07:46:13,544] 130 Data_Ingestion.py - INFO - [SCRAPER] Successfully extracted article for URL: https://in.investing.com/news/stock-market-news/india-shares-higher-at-close-of-trade-nifty-50-up-015-4871580
[2025-06-13 07:46:15,689] 111 __init__.py - INFO - 'extract_text' completed in 17.8733 sec
[2025-06-13 07:46:15,689] 112 __init__.py - INFO - Memory used: 36.12 KB (peak: 725.59 KB)
[2025-06-13 07:46:15,693] 100 __init__.py - INFO - Running 'extract_text'...
[2025-06-13 07:46:15,693] 103 Data_Ingestion.py - INFO - [SCRAPER] Attempt 1 for URL: https://in.investing.com/news/stock-market-news/asian-markets-open-most-stocks-advance-as-uschina-conclude-talks-sensex-poised-for-flat-open-4871198
[2025-06-13 07:46:29,923] 130 Data_Ingestion.py - INFO - [SCRAPER] Successfully extracted article for URL: https://in.investing.com/news/stock-market-news/asian-markets-open-most-stocks-advance-as-uschina-conclude-talks-sensex-poised-for-flat-open-4871198
[2025-06-13 07:46:32,179] 111 __init__.py - INFO - 'extract_text' completed in 16.4857 sec
[2025-06-13 07:46:32,179] 112 __init__.py - INFO - Memory used: 42.44 KB (peak: 725.73 KB)
[2025-06-13 07:46:32,195] 185 Data_Ingestion.py - INFO - [SCRAPE] Reached articles already present. Ending.
[2025-06-13 07:46:48,604] 100 __init__.py - INFO - Running 'finbert_implement'...
[2025-06-13 07:46:48,604] 163 finbert_implementation.py - INFO - Text Cleaning starting on news df
[2025-06-13 07:46:48,604] 84 finbert_implementation.py - INFO - [TextCleaner] Cleaning process started
[2025-06-13 07:47:32,637] 98 finbert_implementation.py - INFO - [TextCleaner] Completed processing 7 records
[2025-06-13 07:47:32,639] 166 finbert_implementation.py - INFO - Text Cleaning completed successfully on news df
[2025-06-13 07:47:32,639] 167 finbert_implementation.py - INFO - finbert implementation starting on news df
[2025-06-13 07:47:32,639] 110 finbert_implementation.py - INFO - [SentimentScorer] Loading model and tokenizer...
[2025-06-13 07:47:37,924] 113 finbert_implementation.py - INFO - [SentimentScorer] Model and tokenizer loaded.
[2025-06-13 07:47:37,924] 136 finbert_implementation.py - INFO - [SentimentScorer] Starting sentiment scoring...
[2025-06-13 07:47:46,192] 154 finbert_implementation.py - INFO - [SentimentScorer] Completed sentiment scoring for 1 days.
[2025-06-13 07:47:46,194] 170 finbert_implementation.py - INFO - finbert implementation completed sucessfully on news df
[2025-06-13 07:47:46,780] 111 __init__.py - INFO - 'finbert_implement' completed in 58.1753 sec
[2025-06-13 07:47:46,780] 112 __init__.py - INFO - Memory used: 92699.57 KB (peak: 185567.42 KB)
[2025-06-13 07:47:47,812] 218 Data_Ingestion.py - INFO - Sucessfully completed  update  new_data/news_data.csv 
[2025-06-13 07:47:47,826] 100 __init__.py - INFO - Running 'fetch_df'...
[2025-06-13 07:47:47,828] 100 __init__.py - INFO - Running 'connect'...
[2025-06-13 07:47:47,832] 111 __init__.py - INFO - 'connect' completed in 0.0023 sec
[2025-06-13 07:47:47,832] 112 __init__.py - INFO - Memory used: 0.33 KB (peak: 2.19 KB)
[2025-06-13 07:47:47,838] 111 __init__.py - INFO - 'fetch_df' completed in 0.0099 sec
[2025-06-13 07:47:47,838] 112 __init__.py - INFO - Memory used: 0.00 KB (peak: 0.00 KB)
[2025-06-13 07:47:47,882] 232 Data_Ingestion.py - INFO - Sucessfully completed  update_dataframe for news_data.csv 
[2025-06-13 07:47:47,882] 100 __init__.py - INFO - Running 'write_df'...
[2025-06-13 07:47:47,893] 100 __init__.py - INFO - Running 'connect'...
[2025-06-13 07:47:47,893] 111 __init__.py - INFO - 'connect' completed in 0.0000 sec
[2025-06-13 07:47:47,893] 112 __init__.py - INFO - Memory used: 0.53 KB (peak: 2.39 KB)
[2025-06-13 07:47:47,933] 48 db_handler.py - INFO - [DB WRITE] Wrote 1412 records to table 'news_data' from file 'Data\raw_data\news_data.csv'
[2025-06-13 07:47:47,933] 111 __init__.py - INFO - 'write_df' completed in 0.0405 sec
[2025-06-13 07:47:47,933] 112 __init__.py - INFO - Memory used: 0.00 KB (peak: 0.00 KB)
[2025-06-13 07:47:47,945] 235 Data_Ingestion.py - INFO - Sucessfully completed  update_dataframe for news_data table 
[2025-06-13 07:47:47,948] 111 __init__.py - INFO - 'update_data' completed in 222.4186 sec
[2025-06-13 07:47:47,948] 112 __init__.py - INFO - Memory used: 0.00 KB (peak: 0.00 KB)
[2025-06-13 07:47:47,948] 100 __init__.py - INFO - Running 'align_sentiment_with_price'...
[2025-06-13 07:47:47,948] 422 Data_Ingestion.py - INFO - Reading tables in db as df....
[2025-06-13 07:47:48,016] 428 Data_Ingestion.py - INFO - Merging sentiment data with price data...
[2025-06-13 07:47:48,094] 461 Data_Ingestion.py - INFO - Sentiment alignment completed successfully.
[2025-06-13 07:47:48,257] 464 Data_Ingestion.py - INFO - Successfully updated ticker_data.csv with new stock data.
[2025-06-13 07:47:48,257] 111 __init__.py - INFO - 'align_sentiment_with_price' completed in 0.3093 sec
[2025-06-13 07:47:48,257] 112 __init__.py - INFO - Memory used: 168.62 KB (peak: 3344.17 KB)
[2025-06-13 07:47:48,312] 100 __init__.py - INFO - Running 'write_df'...
[2025-06-13 07:47:48,317] 100 __init__.py - INFO - Running 'connect'...
[2025-06-13 07:47:48,317] 111 __init__.py - INFO - 'connect' completed in 0.0000 sec
[2025-06-13 07:47:48,317] 112 __init__.py - INFO - Memory used: 0.53 KB (peak: 2.39 KB)
[2025-06-13 07:47:48,395] 48 db_handler.py - INFO - [DB WRITE] Wrote 1152 records to table 'final_data' from file 'Data\processed_data\final_data.csv'
[2025-06-13 07:47:48,395] 111 __init__.py - INFO - 'write_df' completed in 0.0783 sec
[2025-06-13 07:47:48,395] 112 __init__.py - INFO - Memory used: 0.00 KB (peak: 0.00 KB)
[2025-06-13 07:47:48,399] 484 Data_Ingestion.py - INFO -  Data Ingestion pipeline sucessfully executed
[2025-06-13 07:47:48,399] 111 __init__.py - INFO - 'execute_data_ingestion' completed in 965.3925 sec
[2025-06-13 07:47:48,399] 112 __init__.py - INFO - Memory used: 0.00 KB (peak: 0.00 KB)
[2025-06-13 07:47:48,399] 25 main.py - INFO - End to End ML pipeline execution completed successfully...
[2025-06-13 07:47:48,399] 111 __init__.py - INFO - 'execute_pipeline' completed in 965.4541 sec
[2025-06-13 07:47:48,399] 112 __init__.py - INFO - Memory used: 0.00 KB (peak: 0.00 KB)
[2025-06-13 07:47:48,399] 36 main.py - INFO -  End to End ML pipeline execution completed successfully...
