[2025-06-12 19:34:42,206] 123 __init__.py - INFO - Loaded config from Config_Yaml/model_config.yaml
[2025-06-12 19:34:42,257] 123 __init__.py - INFO - Loaded config from Config_Yaml/model_config.yaml
[2025-06-12 19:34:42,284] 123 __init__.py - INFO - Loaded config from Config_Yaml/model_config.yaml
[2025-06-12 19:34:42,284] 32 main.py - INFO - Starting End to End ML pipeline execution...
[2025-06-12 19:34:42,284] 100 __init__.py - INFO - Running 'execute_pipeline'...
[2025-06-12 19:34:42,285] 18 main.py - INFO -  Starting End to End ML pipeline execution ...
[2025-06-12 19:34:42,285] 231 __init__.py - INFO - Starting Backing up of final_data.csv , joblib model , mlflow details yaml for previous trading day..
[2025-06-12 19:34:42,286] 170 __init__.py - INFO - Copied CSV: Data/processed_data/final_data.csv to Data/previous_data/final_data.csv
[2025-06-12 19:34:42,288] 196 __init__.py - INFO - Copied .JOBLIB: Tuned_Model/model.joblib → Data/previous_data/model.joblib
[2025-06-12 19:34:42,289] 196 __init__.py - INFO - Copied .JOBLIB: Tuned_Model/model copy.joblib → Data/previous_data/model copy.joblib
[2025-06-12 19:34:42,289] 196 __init__.py - INFO - Copied .YAML: Tuned_Model/mlflow_details.yaml → Data/previous_data/mlflow_details.yaml
[2025-06-12 19:34:42,290] 196 __init__.py - INFO - Copied .YAML: Tuned_Model/time_series_predictions.yaml → Data/previous_data/time_series_predictions.yaml
[2025-06-12 19:34:42,290] 234 __init__.py - INFO - Backing up of previous trading day artifacts  completed ..
[2025-06-12 19:34:42,291] 100 __init__.py - INFO - Running 'execute_data_ingestion'...
[2025-06-12 19:34:42,291] 474 Data_Ingestion.py - INFO - Starting Data Ingestion pipeline
[2025-06-12 19:34:42,291] 100 __init__.py - INFO - Running 'initiate_dbs'...
[2025-06-12 19:34:42,291] 57 db_handler.py - INFO - starting dbs table formation 
[2025-06-12 19:34:42,306] 100 __init__.py - INFO - Running 'write_df'...
[2025-06-12 19:34:42,306] 100 __init__.py - INFO - Running 'connect'...
[2025-06-12 19:34:42,307] 111 __init__.py - INFO - 'connect' completed in 0.0007 sec
[2025-06-12 19:34:42,307] 112 __init__.py - INFO - Memory used: 495.37 KB (peak: 670.96 KB)
[2025-06-12 19:34:42,334] 48 db_handler.py - INFO - [DB WRITE] Wrote 1175 records to table 'ticker_data' from file 'Data/raw_data/ticker_data.csv'
[2025-06-12 19:34:42,334] 111 __init__.py - INFO - 'write_df' completed in 0.0283 sec
[2025-06-12 19:34:42,334] 112 __init__.py - INFO - Memory used: 0.00 KB (peak: 0.00 KB)
[2025-06-12 19:34:42,334] 100 __init__.py - INFO - Running 'write_df'...
[2025-06-12 19:34:42,334] 100 __init__.py - INFO - Running 'connect'...
[2025-06-12 19:34:42,334] 111 __init__.py - INFO - 'connect' completed in 0.0001 sec
[2025-06-12 19:34:42,335] 112 __init__.py - INFO - Memory used: 0.53 KB (peak: 5.34 KB)
[2025-06-12 19:34:42,342] 48 db_handler.py - INFO - [DB WRITE] Wrote 1408 records to table 'news_data' from file 'Data/raw_data/news_data.csv'
[2025-06-12 19:34:42,342] 111 __init__.py - INFO - 'write_df' completed in 0.0075 sec
[2025-06-12 19:34:42,342] 112 __init__.py - INFO - Memory used: 0.00 KB (peak: 0.00 KB)
[2025-06-12 19:34:42,342] 63 db_handler.py - INFO - dbs table formation completed successfully
[2025-06-12 19:34:42,342] 111 __init__.py - INFO - 'initiate_dbs' completed in 0.0511 sec
[2025-06-12 19:34:42,342] 112 __init__.py - INFO - Memory used: 0.00 KB (peak: 0.00 KB)
[2025-06-12 19:34:42,342] 100 __init__.py - INFO - Running 'update_data'...
[2025-06-12 19:34:42,342] 100 __init__.py - INFO - Running 'fetch_df'...
[2025-06-12 19:34:42,342] 100 __init__.py - INFO - Running 'connect'...
[2025-06-12 19:34:42,343] 111 __init__.py - INFO - 'connect' completed in 0.0001 sec
[2025-06-12 19:34:42,343] 112 __init__.py - INFO - Memory used: 2.48 KB (peak: 7.23 KB)
[2025-06-12 19:34:42,347] 111 __init__.py - INFO - 'fetch_df' completed in 0.0042 sec
[2025-06-12 19:34:42,347] 112 __init__.py - INFO - Memory used: 0.00 KB (peak: 0.00 KB)
[2025-06-12 19:34:42,351] 358 Data_Ingestion.py - INFO - Existing ticker_df columns :Index(['date', 'nasdaq', 'sp500', 'dj30', 'crude_oil', 'gold', 'usd_inr',
       '10yb', 'vix', 'nsebank', 'nsei'],
      dtype='object')
[2025-06-12 19:34:42,351] 100 __init__.py - INFO - Running 'get_last_date_from_db'...
[2025-06-12 19:34:42,351] 100 __init__.py - INFO - Running 'fetch_df'...
[2025-06-12 19:34:42,352] 100 __init__.py - INFO - Running 'connect'...
[2025-06-12 19:34:42,352] 111 __init__.py - INFO - 'connect' completed in 0.0001 sec
[2025-06-12 19:34:42,352] 112 __init__.py - INFO - Memory used: 1.87 KB (peak: 6.68 KB)
[2025-06-12 19:34:42,356] 111 __init__.py - INFO - 'fetch_df' completed in 0.0050 sec
[2025-06-12 19:34:42,357] 112 __init__.py - INFO - Memory used: 0.00 KB (peak: 0.00 KB)
[2025-06-12 19:34:42,358] 340 Data_Ingestion.py - INFO - [DB] Last news date: 2025-06-06
[2025-06-12 19:34:42,358] 111 __init__.py - INFO - 'get_last_date_from_db' completed in 0.0069 sec
[2025-06-12 19:34:42,358] 112 __init__.py - INFO - Memory used: 0.00 KB (peak: 0.00 KB)
[2025-06-12 19:34:47,365] 370 Data_Ingestion.py - INFO - Start get_closing_price for ticker :%5EIXIC
[2025-06-12 19:34:47,365] 100 __init__.py - INFO - Running 'get_closing_prices'...
[2025-06-12 19:34:47,365] 290 Data_Ingestion.py - INFO - [%5EIXIC] Attempt 1: Fetching https://finance.yahoo.com/quote/%5EIXIC/history
[2025-06-12 19:35:24,921] 313 Data_Ingestion.py - INFO - [%5EIXIC] Successfully scraped 251 rows.
[2025-06-12 19:35:24,985] 111 __init__.py - INFO - 'get_closing_prices' completed in 37.6192 sec
[2025-06-12 19:35:24,985] 112 __init__.py - INFO - Memory used: 468.16 KB (peak: 19516.68 KB)
[2025-06-12 19:35:24,994] 383 Data_Ingestion.py - INFO -  get_closing_price successfully executed for ticker :%5EIXIC
[2025-06-12 19:35:29,999] 370 Data_Ingestion.py - INFO - Start get_closing_price for ticker :%5EDJI
[2025-06-12 19:35:29,999] 100 __init__.py - INFO - Running 'get_closing_prices'...
[2025-06-12 19:35:29,999] 290 Data_Ingestion.py - INFO - [%5EDJI] Attempt 1: Fetching https://finance.yahoo.com/quote/%5EDJI/history
[2025-06-12 19:35:48,998] 313 Data_Ingestion.py - INFO - [%5EDJI] Successfully scraped 251 rows.
[2025-06-12 19:35:49,063] 111 __init__.py - INFO - 'get_closing_prices' completed in 19.0631 sec
[2025-06-12 19:35:49,063] 112 __init__.py - INFO - Memory used: 52.16 KB (peak: 715.98 KB)
[2025-06-12 19:35:49,068] 383 Data_Ingestion.py - INFO -  get_closing_price successfully executed for ticker :%5EDJI
[2025-06-12 19:35:54,074] 370 Data_Ingestion.py - INFO - Start get_closing_price for ticker :%5EGSPC
[2025-06-12 19:35:54,074] 100 __init__.py - INFO - Running 'get_closing_prices'...
[2025-06-12 19:35:54,074] 290 Data_Ingestion.py - INFO - [%5EGSPC] Attempt 1: Fetching https://finance.yahoo.com/quote/%5EGSPC/history
[2025-06-12 19:36:11,549] 313 Data_Ingestion.py - INFO - [%5EGSPC] Successfully scraped 251 rows.
[2025-06-12 19:36:11,613] 111 __init__.py - INFO - 'get_closing_prices' completed in 17.5383 sec
[2025-06-12 19:36:11,613] 112 __init__.py - INFO - Memory used: 48.06 KB (peak: 717.69 KB)
[2025-06-12 19:36:11,619] 383 Data_Ingestion.py - INFO -  get_closing_price successfully executed for ticker :%5EGSPC
[2025-06-12 19:36:16,624] 370 Data_Ingestion.py - INFO - Start get_closing_price for ticker :GC%3DF
[2025-06-12 19:36:16,624] 100 __init__.py - INFO - Running 'get_closing_prices'...
[2025-06-12 19:36:16,624] 290 Data_Ingestion.py - INFO - [GC%3DF] Attempt 1: Fetching https://finance.yahoo.com/quote/GC%3DF/history
[2025-06-12 19:36:33,989] 313 Data_Ingestion.py - INFO - [GC%3DF] Successfully scraped 252 rows.
[2025-06-12 19:36:34,049] 111 __init__.py - INFO - 'get_closing_prices' completed in 17.4250 sec
[2025-06-12 19:36:34,050] 112 __init__.py - INFO - Memory used: 46.40 KB (peak: 717.56 KB)
[2025-06-12 19:36:34,055] 383 Data_Ingestion.py - INFO -  get_closing_price successfully executed for ticker :GC%3DF
[2025-06-12 19:36:39,061] 370 Data_Ingestion.py - INFO - Start get_closing_price for ticker :CL%3DF
[2025-06-12 19:36:39,061] 100 __init__.py - INFO - Running 'get_closing_prices'...
[2025-06-12 19:36:39,061] 290 Data_Ingestion.py - INFO - [CL%3DF] Attempt 1: Fetching https://finance.yahoo.com/quote/CL%3DF/history
[2025-06-12 19:36:57,865] 313 Data_Ingestion.py - INFO - [CL%3DF] Successfully scraped 252 rows.
[2025-06-12 19:36:57,929] 111 __init__.py - INFO - 'get_closing_prices' completed in 18.8679 sec
[2025-06-12 19:36:57,929] 112 __init__.py - INFO - Memory used: 42.34 KB (peak: 717.65 KB)
[2025-06-12 19:36:57,935] 383 Data_Ingestion.py - INFO -  get_closing_price successfully executed for ticker :CL%3DF
[2025-06-12 19:37:02,940] 370 Data_Ingestion.py - INFO - Start get_closing_price for ticker :INR%3DX
[2025-06-12 19:37:02,941] 100 __init__.py - INFO - Running 'get_closing_prices'...
[2025-06-12 19:37:02,941] 290 Data_Ingestion.py - INFO - [INR%3DX] Attempt 1: Fetching https://finance.yahoo.com/quote/INR%3DX/history
[2025-06-12 19:37:21,080] 313 Data_Ingestion.py - INFO - [INR%3DX] Successfully scraped 259 rows.
[2025-06-12 19:37:21,140] 111 __init__.py - INFO - 'get_closing_prices' completed in 18.1993 sec
[2025-06-12 19:37:21,141] 112 __init__.py - INFO - Memory used: 43.37 KB (peak: 713.61 KB)
[2025-06-12 19:37:21,147] 383 Data_Ingestion.py - INFO -  get_closing_price successfully executed for ticker :INR%3DX
[2025-06-12 19:37:26,147] 370 Data_Ingestion.py - INFO - Start get_closing_price for ticker :%5ENSEBANK
[2025-06-12 19:37:26,148] 100 __init__.py - INFO - Running 'get_closing_prices'...
[2025-06-12 19:37:26,148] 290 Data_Ingestion.py - INFO - [%5ENSEBANK] Attempt 1: Fetching https://finance.yahoo.com/quote/%5ENSEBANK/history
[2025-06-12 19:37:45,145] 313 Data_Ingestion.py - INFO - [%5ENSEBANK] Successfully scraped 247 rows.
[2025-06-12 19:37:45,206] 111 __init__.py - INFO - 'get_closing_prices' completed in 19.0576 sec
[2025-06-12 19:37:45,206] 112 __init__.py - INFO - Memory used: 37.66 KB (peak: 717.74 KB)
[2025-06-12 19:37:45,212] 383 Data_Ingestion.py - INFO -  get_closing_price successfully executed for ticker :%5ENSEBANK
[2025-06-12 19:37:50,217] 370 Data_Ingestion.py - INFO - Start get_closing_price for ticker :%5ETNX
[2025-06-12 19:37:50,217] 100 __init__.py - INFO - Running 'get_closing_prices'...
[2025-06-12 19:37:50,217] 290 Data_Ingestion.py - INFO - [%5ETNX] Attempt 1: Fetching https://finance.yahoo.com/quote/%5ETNX/history
[2025-06-12 19:38:08,441] 313 Data_Ingestion.py - INFO - [%5ETNX] Successfully scraped 251 rows.
[2025-06-12 19:38:08,509] 111 __init__.py - INFO - 'get_closing_prices' completed in 18.2912 sec
[2025-06-12 19:38:08,509] 112 __init__.py - INFO - Memory used: 40.60 KB (peak: 717.74 KB)
[2025-06-12 19:38:08,520] 383 Data_Ingestion.py - INFO -  get_closing_price successfully executed for ticker :%5ETNX
[2025-06-12 19:38:13,525] 370 Data_Ingestion.py - INFO - Start get_closing_price for ticker :%5EVIX
[2025-06-12 19:38:13,526] 100 __init__.py - INFO - Running 'get_closing_prices'...
[2025-06-12 19:38:13,526] 290 Data_Ingestion.py - INFO - [%5EVIX] Attempt 1: Fetching https://finance.yahoo.com/quote/%5EVIX/history
[2025-06-12 19:38:30,734] 313 Data_Ingestion.py - INFO - [%5EVIX] Successfully scraped 251 rows.
[2025-06-12 19:38:30,797] 111 __init__.py - INFO - 'get_closing_prices' completed in 17.2707 sec
[2025-06-12 19:38:30,797] 112 __init__.py - INFO - Memory used: 42.81 KB (peak: 717.74 KB)
[2025-06-12 19:38:30,803] 383 Data_Ingestion.py - INFO -  get_closing_price successfully executed for ticker :%5EVIX
[2025-06-12 19:38:35,808] 370 Data_Ingestion.py - INFO - Start get_closing_price for ticker :%5ENSEI
[2025-06-12 19:38:35,809] 100 __init__.py - INFO - Running 'get_closing_prices'...
[2025-06-12 19:38:35,809] 290 Data_Ingestion.py - INFO - [%5ENSEI] Attempt 1: Fetching https://finance.yahoo.com/quote/%5ENSEI/history
[2025-06-12 19:38:52,872] 313 Data_Ingestion.py - INFO - [%5ENSEI] Successfully scraped 248 rows.
[2025-06-12 19:38:52,933] 111 __init__.py - INFO - 'get_closing_prices' completed in 17.1241 sec
[2025-06-12 19:38:52,933] 112 __init__.py - INFO - Memory used: 42.63 KB (peak: 713.10 KB)
[2025-06-12 19:38:52,939] 383 Data_Ingestion.py - INFO -  get_closing_price successfully executed for ticker :%5ENSEI
[2025-06-12 19:38:52,941] 387 Data_Ingestion.py - INFO - Successfully updated  new_ticker_data.csv with new stock data.
[2025-06-12 19:38:52,965] 397 Data_Ingestion.py - INFO - Successfully updated ticker_data.csv with new stock data.
[2025-06-12 19:38:52,965] 100 __init__.py - INFO - Running 'write_df'...
[2025-06-12 19:38:52,965] 100 __init__.py - INFO - Running 'connect'...
[2025-06-12 19:38:52,966] 111 __init__.py - INFO - 'connect' completed in 0.0001 sec
[2025-06-12 19:38:52,966] 112 __init__.py - INFO - Memory used: 1.02 KB (peak: 5.83 KB)
[2025-06-12 19:38:52,978] 48 db_handler.py - INFO - [DB WRITE] Wrote 1178 records to table 'ticker_data' from file 'Data/raw_data/ticker_data.csv'
[2025-06-12 19:38:52,978] 111 __init__.py - INFO - 'write_df' completed in 0.0125 sec
[2025-06-12 19:38:52,978] 112 __init__.py - INFO - Memory used: 0.00 KB (peak: 0.00 KB)
[2025-06-12 19:38:52,978] 399 Data_Ingestion.py - INFO - Successfully updated db table ticker_data with new stock data.
[2025-06-12 19:38:52,978] 111 __init__.py - INFO - 'update_data' completed in 250.6359 sec
[2025-06-12 19:38:52,978] 112 __init__.py - INFO - Memory used: 0.00 KB (peak: 0.00 KB)
[2025-06-12 19:38:52,978] 100 __init__.py - INFO - Running 'update_data'...
[2025-06-12 19:38:52,978] 148 Data_Ingestion.py - INFO - Starting update_dataframe for news_data table 
[2025-06-12 19:38:52,979] 100 __init__.py - INFO - Running 'get_last_date_from_db'...
[2025-06-12 19:38:52,979] 100 __init__.py - INFO - Running 'fetch_df'...
[2025-06-12 19:38:52,979] 100 __init__.py - INFO - Running 'connect'...
[2025-06-12 19:38:52,979] 111 __init__.py - INFO - 'connect' completed in 0.0001 sec
[2025-06-12 19:38:52,979] 112 __init__.py - INFO - Memory used: 2.99 KB (peak: 7.80 KB)
[2025-06-12 19:38:52,981] 111 __init__.py - INFO - 'fetch_df' completed in 0.0019 sec
[2025-06-12 19:38:52,981] 112 __init__.py - INFO - Memory used: 0.00 KB (peak: 0.00 KB)
[2025-06-12 19:38:52,982] 89 Data_Ingestion.py - INFO - [DB] Last news date: 2025-06-06
[2025-06-12 19:38:52,982] 111 __init__.py - INFO - 'get_last_date_from_db' completed in 0.0033 sec
[2025-06-12 19:38:52,982] 112 __init__.py - INFO - Memory used: 0.00 KB (peak: 0.00 KB)
[2025-06-12 19:38:52,983] 162 Data_Ingestion.py - INFO - [SCRAPE] Fetching page 1
[2025-06-12 19:38:55,268] 100 __init__.py - INFO - Running 'extract_text'...
[2025-06-12 19:38:55,268] 103 Data_Ingestion.py - INFO - [SCRAPER] Attempt 1 for URL: https://in.investing.com/news/stock-market-news/nifty-ends-lower-on-weekly-expiry-financials-autos-it-lead-broad-market-selloff-4873602
[2025-06-12 19:38:57,656] 130 Data_Ingestion.py - INFO - [SCRAPER] Successfully extracted article for URL: https://in.investing.com/news/stock-market-news/nifty-ends-lower-on-weekly-expiry-financials-autos-it-lead-broad-market-selloff-4873602
[2025-06-12 19:38:57,714] 111 __init__.py - INFO - 'extract_text' completed in 2.4454 sec
[2025-06-12 19:38:57,714] 112 __init__.py - INFO - Memory used: 43.02 KB (peak: 724.03 KB)
[2025-06-12 19:38:57,715] 100 __init__.py - INFO - Running 'extract_text'...
[2025-06-12 19:38:57,715] 103 Data_Ingestion.py - INFO - [SCRAPER] Attempt 1 for URL: https://in.investing.com/news/stock-market-news/india-shares-lower-at-close-of-trade-nifty-50-down-101-4873579
[2025-06-12 19:38:59,953] 130 Data_Ingestion.py - INFO - [SCRAPER] Successfully extracted article for URL: https://in.investing.com/news/stock-market-news/india-shares-lower-at-close-of-trade-nifty-50-down-101-4873579
[2025-06-12 19:39:00,011] 111 __init__.py - INFO - 'extract_text' completed in 2.2967 sec
[2025-06-12 19:39:00,011] 112 __init__.py - INFO - Memory used: 30.93 KB (peak: 716.92 KB)
[2025-06-12 19:39:00,012] 100 __init__.py - INFO - Running 'extract_text'...
[2025-06-12 19:39:00,012] 103 Data_Ingestion.py - INFO - [SCRAPER] Attempt 1 for URL: https://in.investing.com/news/stock-market-news/breakout-watch-sebi-ra-financial-sarthis-identifies-5-oil--gas-stocks-poised-to-gain-from-sectoral-rotation-4873465
[2025-06-12 19:39:02,475] 130 Data_Ingestion.py - INFO - [SCRAPER] Successfully extracted article for URL: https://in.investing.com/news/stock-market-news/breakout-watch-sebi-ra-financial-sarthis-identifies-5-oil--gas-stocks-poised-to-gain-from-sectoral-rotation-4873465
[2025-06-12 19:39:02,534] 111 __init__.py - INFO - 'extract_text' completed in 2.5218 sec
[2025-06-12 19:39:02,534] 112 __init__.py - INFO - Memory used: 25.01 KB (peak: 716.82 KB)
[2025-06-12 19:39:02,534] 100 __init__.py - INFO - Running 'extract_text'...
[2025-06-12 19:39:02,534] 103 Data_Ingestion.py - INFO - [SCRAPER] Attempt 1 for URL: https://in.investing.com/news/stock-market-news/asian-markets-open-nikkei-hang-seng-fall-on-55-uschina-tariff-shock-sensex-poised-for-weak-start-4873291
[2025-06-12 19:39:05,076] 130 Data_Ingestion.py - INFO - [SCRAPER] Successfully extracted article for URL: https://in.investing.com/news/stock-market-news/asian-markets-open-nikkei-hang-seng-fall-on-55-uschina-tariff-shock-sensex-poised-for-weak-start-4873291
[2025-06-12 19:39:05,134] 111 __init__.py - INFO - 'extract_text' completed in 2.6000 sec
[2025-06-12 19:39:05,135] 112 __init__.py - INFO - Memory used: 26.85 KB (peak: 716.31 KB)
[2025-06-12 19:39:05,135] 100 __init__.py - INFO - Running 'extract_text'...
[2025-06-12 19:39:05,135] 103 Data_Ingestion.py - INFO - [SCRAPER] Attempt 1 for URL: https://in.investing.com/news/stock-market-news/indian-markets-open-flat-as-traders-eye-expiry-moves-sebi-ras-set-nifty-range-at-2500025250-4873186
[2025-06-12 19:39:07,508] 130 Data_Ingestion.py - INFO - [SCRAPER] Successfully extracted article for URL: https://in.investing.com/news/stock-market-news/indian-markets-open-flat-as-traders-eye-expiry-moves-sebi-ras-set-nifty-range-at-2500025250-4873186
[2025-06-12 19:39:07,567] 111 __init__.py - INFO - 'extract_text' completed in 2.4317 sec
[2025-06-12 19:39:07,567] 112 __init__.py - INFO - Memory used: 25.91 KB (peak: 716.08 KB)
[2025-06-12 19:39:07,567] 100 __init__.py - INFO - Running 'extract_text'...
[2025-06-12 19:39:07,567] 103 Data_Ingestion.py - INFO - [SCRAPER] Attempt 1 for URL: https://in.investing.com/news/stock-market-news/asia-stocks-spooked-by-trump-tariff-talk-iran-tensions-4873159
[2025-06-12 19:39:09,561] 130 Data_Ingestion.py - INFO - [SCRAPER] Successfully extracted article for URL: https://in.investing.com/news/stock-market-news/asia-stocks-spooked-by-trump-tariff-talk-iran-tensions-4873159
[2025-06-12 19:39:09,619] 111 __init__.py - INFO - 'extract_text' completed in 2.0518 sec
[2025-06-12 19:39:09,619] 112 __init__.py - INFO - Memory used: 33.02 KB (peak: 717.41 KB)
[2025-06-12 19:39:09,620] 100 __init__.py - INFO - Running 'extract_text'...
[2025-06-12 19:39:09,620] 103 Data_Ingestion.py - INFO - [SCRAPER] Attempt 1 for URL: https://in.investing.com/news/stock-market-news/india-market-watch-sebi-ras-point-to-2520025250-for-niftys-next-move-4873153
[2025-06-12 19:39:12,853] 130 Data_Ingestion.py - INFO - [SCRAPER] Successfully extracted article for URL: https://in.investing.com/news/stock-market-news/india-market-watch-sebi-ras-point-to-2520025250-for-niftys-next-move-4873153
[2025-06-12 19:39:12,912] 111 __init__.py - INFO - 'extract_text' completed in 3.2922 sec
[2025-06-12 19:39:12,912] 112 __init__.py - INFO - Memory used: 23.19 KB (peak: 716.91 KB)
[2025-06-12 19:39:12,913] 100 __init__.py - INFO - Running 'extract_text'...
[2025-06-12 19:39:12,913] 103 Data_Ingestion.py - INFO - [SCRAPER] Attempt 1 for URL: https://in.investing.com/news/stock-market-news/nifty-ends-higher-but-liquor-finance-stocks-drag-sebi-ra-sees-upside-continuation-4871625
[2025-06-12 19:39:19,552] 130 Data_Ingestion.py - INFO - [SCRAPER] Successfully extracted article for URL: https://in.investing.com/news/stock-market-news/nifty-ends-higher-but-liquor-finance-stocks-drag-sebi-ra-sees-upside-continuation-4871625
[2025-06-12 19:39:19,611] 111 __init__.py - INFO - 'extract_text' completed in 6.6979 sec
[2025-06-12 19:39:19,611] 112 __init__.py - INFO - Memory used: 27.90 KB (peak: 716.90 KB)
[2025-06-12 19:39:19,611] 100 __init__.py - INFO - Running 'extract_text'...
[2025-06-12 19:39:19,611] 103 Data_Ingestion.py - INFO - [SCRAPER] Attempt 1 for URL: https://in.investing.com/news/stock-market-news/india-shares-higher-at-close-of-trade-nifty-50-up-015-4871580
[2025-06-12 19:39:23,058] 130 Data_Ingestion.py - INFO - [SCRAPER] Successfully extracted article for URL: https://in.investing.com/news/stock-market-news/india-shares-higher-at-close-of-trade-nifty-50-up-015-4871580
[2025-06-12 19:39:23,116] 111 __init__.py - INFO - 'extract_text' completed in 3.5049 sec
[2025-06-12 19:39:23,116] 112 __init__.py - INFO - Memory used: 28.08 KB (peak: 716.87 KB)
[2025-06-12 19:39:23,117] 100 __init__.py - INFO - Running 'extract_text'...
[2025-06-12 19:39:23,117] 103 Data_Ingestion.py - INFO - [SCRAPER] Attempt 1 for URL: https://in.investing.com/news/stock-market-news/asian-markets-open-most-stocks-advance-as-uschina-conclude-talks-sensex-poised-for-flat-open-4871198
[2025-06-12 19:39:25,632] 130 Data_Ingestion.py - INFO - [SCRAPER] Successfully extracted article for URL: https://in.investing.com/news/stock-market-news/asian-markets-open-most-stocks-advance-as-uschina-conclude-talks-sensex-poised-for-flat-open-4871198
[2025-06-12 19:39:25,690] 111 __init__.py - INFO - 'extract_text' completed in 2.5736 sec
[2025-06-12 19:39:25,691] 112 __init__.py - INFO - Memory used: 32.94 KB (peak: 716.38 KB)
[2025-06-12 19:39:27,695] 162 Data_Ingestion.py - INFO - [SCRAPE] Fetching page 2
[2025-06-12 19:39:35,605] 100 __init__.py - INFO - Running 'extract_text'...
[2025-06-12 19:39:35,606] 103 Data_Ingestion.py - INFO - [SCRAPER] Attempt 1 for URL: https://in.investing.com/news/stock-market-news/indian-markets-open-higher-sebi-ras-see-tight-range-between-2495025200-for-nifty-4871180
[2025-06-12 19:39:39,462] 130 Data_Ingestion.py - INFO - [SCRAPER] Successfully extracted article for URL: https://in.investing.com/news/stock-market-news/indian-markets-open-higher-sebi-ras-see-tight-range-between-2495025200-for-nifty-4871180
[2025-06-12 19:39:39,520] 111 __init__.py - INFO - 'extract_text' completed in 3.9149 sec
[2025-06-12 19:39:39,521] 112 __init__.py - INFO - Memory used: 29.25 KB (peak: 719.84 KB)
[2025-06-12 19:39:39,521] 100 __init__.py - INFO - Running 'extract_text'...
[2025-06-12 19:39:39,521] 103 Data_Ingestion.py - INFO - [SCRAPER] Attempt 1 for URL: https://in.investing.com/news/stock-market-news/asia-stocks-rise-china-leads-gains-on-us-trade-progress-4871144
[2025-06-12 19:39:44,851] 130 Data_Ingestion.py - INFO - [SCRAPER] Successfully extracted article for URL: https://in.investing.com/news/stock-market-news/asia-stocks-rise-china-leads-gains-on-us-trade-progress-4871144
[2025-06-12 19:39:44,910] 111 __init__.py - INFO - 'extract_text' completed in 5.3884 sec
[2025-06-12 19:39:44,910] 112 __init__.py - INFO - Memory used: 29.96 KB (peak: 716.37 KB)
[2025-06-12 19:39:44,910] 100 __init__.py - INFO - Running 'extract_text'...
[2025-06-12 19:39:44,910] 103 Data_Ingestion.py - INFO - [SCRAPER] Attempt 1 for URL: https://in.investing.com/news/stock-market-news/india-markets-as-nifty-struggles-to-clear-25200-sebi-ras-warn-of-slipping-back-into-breakdown-zone-4871137
[2025-06-12 19:39:47,348] 130 Data_Ingestion.py - INFO - [SCRAPER] Successfully extracted article for URL: https://in.investing.com/news/stock-market-news/india-markets-as-nifty-struggles-to-clear-25200-sebi-ras-warn-of-slipping-back-into-breakdown-zone-4871137
[2025-06-12 19:39:47,407] 111 __init__.py - INFO - 'extract_text' completed in 2.4964 sec
[2025-06-12 19:39:47,407] 112 __init__.py - INFO - Memory used: 22.29 KB (peak: 716.60 KB)
[2025-06-12 19:39:47,407] 100 __init__.py - INFO - Running 'extract_text'...
[2025-06-12 19:39:47,407] 103 Data_Ingestion.py - INFO - [SCRAPER] Attempt 1 for URL: https://in.investing.com/news/stock-market-news/bank-of-america-explains-how-to-best-optimize-sentiment-barometers-4870588
[2025-06-12 19:39:49,492] 130 Data_Ingestion.py - INFO - [SCRAPER] Successfully extracted article for URL: https://in.investing.com/news/stock-market-news/bank-of-america-explains-how-to-best-optimize-sentiment-barometers-4870588
[2025-06-12 19:39:49,550] 111 __init__.py - INFO - 'extract_text' completed in 2.1428 sec
[2025-06-12 19:39:49,550] 112 __init__.py - INFO - Memory used: 28.75 KB (peak: 716.60 KB)
[2025-06-12 19:39:49,551] 100 __init__.py - INFO - Running 'extract_text'...
[2025-06-12 19:39:49,551] 103 Data_Ingestion.py - INFO - [SCRAPER] Attempt 1 for URL: https://in.investing.com/news/stock-market-news/deutsche-bank-raises-global-growth-outlook-for-2025-though-sees-headwinds-ahead-4870525
[2025-06-12 19:40:07,539] 130 Data_Ingestion.py - INFO - [SCRAPER] Successfully extracted article for URL: https://in.investing.com/news/stock-market-news/deutsche-bank-raises-global-growth-outlook-for-2025-though-sees-headwinds-ahead-4870525
[2025-06-12 19:40:07,598] 111 __init__.py - INFO - 'extract_text' completed in 18.0473 sec
[2025-06-12 19:40:07,598] 112 __init__.py - INFO - Memory used: 28.55 KB (peak: 716.64 KB)
[2025-06-12 19:40:07,599] 100 __init__.py - INFO - Running 'extract_text'...
[2025-06-12 19:40:07,599] 103 Data_Ingestion.py - INFO - [SCRAPER] Attempt 1 for URL: https://in.investing.com/news/stock-market-news/nifty-closes-flat-financials-it-gains-countered-amid-global-trade-talk-watch-4869971
[2025-06-12 19:40:10,778] 130 Data_Ingestion.py - INFO - [SCRAPER] Successfully extracted article for URL: https://in.investing.com/news/stock-market-news/nifty-closes-flat-financials-it-gains-countered-amid-global-trade-talk-watch-4869971
[2025-06-12 19:40:10,837] 111 __init__.py - INFO - 'extract_text' completed in 3.2380 sec
[2025-06-12 19:40:10,837] 112 __init__.py - INFO - Memory used: 26.10 KB (peak: 716.61 KB)
[2025-06-12 19:40:10,837] 100 __init__.py - INFO - Running 'extract_text'...
[2025-06-12 19:40:10,837] 103 Data_Ingestion.py - INFO - [SCRAPER] Attempt 1 for URL: https://in.investing.com/news/stock-market-news/india-shares-mixed-at-close-of-trade-nifty-50-up-000-4869659
[2025-06-12 19:40:13,203] 130 Data_Ingestion.py - INFO - [SCRAPER] Successfully extracted article for URL: https://in.investing.com/news/stock-market-news/india-shares-mixed-at-close-of-trade-nifty-50-up-000-4869659
[2025-06-12 19:40:13,261] 111 __init__.py - INFO - 'extract_text' completed in 2.4239 sec
[2025-06-12 19:40:13,261] 112 __init__.py - INFO - Memory used: 25.94 KB (peak: 716.97 KB)
[2025-06-12 19:40:13,262] 100 __init__.py - INFO - Running 'extract_text'...
[2025-06-12 19:40:13,262] 103 Data_Ingestion.py - INFO - [SCRAPER] Attempt 1 for URL: https://in.investing.com/news/stock-market-news/asian-markets-open-most-stocks-advance-as-uschina-talks-progress-sensex-gains-4869238
[2025-06-12 19:40:18,943] 130 Data_Ingestion.py - INFO - [SCRAPER] Successfully extracted article for URL: https://in.investing.com/news/stock-market-news/asian-markets-open-most-stocks-advance-as-uschina-talks-progress-sensex-gains-4869238
[2025-06-12 19:40:19,002] 111 __init__.py - INFO - 'extract_text' completed in 5.7401 sec
[2025-06-12 19:40:19,002] 112 __init__.py - INFO - Memory used: 32.22 KB (peak: 716.85 KB)
[2025-06-12 19:40:19,003] 100 __init__.py - INFO - Running 'extract_text'...
[2025-06-12 19:40:19,003] 103 Data_Ingestion.py - INFO - [SCRAPER] Attempt 1 for URL: https://in.investing.com/news/stock-market-news/indian-markets-open-higher-nifty-trades-above-25100-amid-broadbased-sector-rally-4869216
[2025-06-12 19:40:21,543] 130 Data_Ingestion.py - INFO - [SCRAPER] Successfully extracted article for URL: https://in.investing.com/news/stock-market-news/indian-markets-open-higher-nifty-trades-above-25100-amid-broadbased-sector-rally-4869216
[2025-06-12 19:40:21,602] 111 __init__.py - INFO - 'extract_text' completed in 2.5991 sec
[2025-06-12 19:40:21,602] 112 __init__.py - INFO - Memory used: 32.48 KB (peak: 716.00 KB)
[2025-06-12 19:40:21,602] 100 __init__.py - INFO - Running 'extract_text'...
[2025-06-12 19:40:21,602] 103 Data_Ingestion.py - INFO - [SCRAPER] Attempt 1 for URL: https://in.investing.com/news/stock-market-news/asia-stocks-upbeat-on-uschina-trade-talk-hopes-4869165
[2025-06-12 19:40:23,847] 130 Data_Ingestion.py - INFO - [SCRAPER] Successfully extracted article for URL: https://in.investing.com/news/stock-market-news/asia-stocks-upbeat-on-uschina-trade-talk-hopes-4869165
[2025-06-12 19:40:23,905] 111 __init__.py - INFO - 'extract_text' completed in 2.3030 sec
[2025-06-12 19:40:23,906] 112 __init__.py - INFO - Memory used: 24.28 KB (peak: 716.91 KB)
[2025-06-12 19:40:25,910] 162 Data_Ingestion.py - INFO - [SCRAPE] Fetching page 3
[2025-06-12 19:40:28,113] 100 __init__.py - INFO - Running 'extract_text'...
[2025-06-12 19:40:28,113] 103 Data_Ingestion.py - INFO - [SCRAPER] Attempt 1 for URL: https://in.investing.com/news/stock-market-news/india-markets-nifty-near-turning-point-sebi-ras-eye-support-at-25000-resistance-at-25200-4869161
[2025-06-12 19:40:30,375] 130 Data_Ingestion.py - INFO - [SCRAPER] Successfully extracted article for URL: https://in.investing.com/news/stock-market-news/india-markets-nifty-near-turning-point-sebi-ras-eye-support-at-25000-resistance-at-25200-4869161
[2025-06-12 19:40:30,434] 111 __init__.py - INFO - 'extract_text' completed in 2.3204 sec
[2025-06-12 19:40:30,434] 112 __init__.py - INFO - Memory used: 32.20 KB (peak: 720.02 KB)
[2025-06-12 19:40:30,434] 100 __init__.py - INFO - Running 'extract_text'...
[2025-06-12 19:40:30,434] 103 Data_Ingestion.py - INFO - [SCRAPER] Attempt 1 for URL: https://in.investing.com/news/stock-market-news/rbis-rate-cut-bonanza-why-indias-ipo-pipeline-could-be-set-for-a-blockbuster-run-4868725
[2025-06-12 19:40:32,835] 130 Data_Ingestion.py - INFO - [SCRAPER] Successfully extracted article for URL: https://in.investing.com/news/stock-market-news/rbis-rate-cut-bonanza-why-indias-ipo-pipeline-could-be-set-for-a-blockbuster-run-4868725
[2025-06-12 19:40:32,894] 111 __init__.py - INFO - 'extract_text' completed in 2.4594 sec
[2025-06-12 19:40:32,894] 112 __init__.py - INFO - Memory used: 26.67 KB (peak: 716.98 KB)
[2025-06-12 19:40:32,894] 100 __init__.py - INFO - Running 'extract_text'...
[2025-06-12 19:40:32,894] 103 Data_Ingestion.py - INFO - [SCRAPER] Attempt 1 for URL: https://in.investing.com/news/stock-market-news/indian-markets-close-higher-banking-it-lead-gains-as-nifty-eyes-25200-breakout-4867937
[2025-06-12 19:40:48,777] 130 Data_Ingestion.py - INFO - [SCRAPER] Successfully extracted article for URL: https://in.investing.com/news/stock-market-news/indian-markets-close-higher-banking-it-lead-gains-as-nifty-eyes-25200-breakout-4867937
[2025-06-12 19:40:48,836] 111 __init__.py - INFO - 'extract_text' completed in 15.9411 sec
[2025-06-12 19:40:48,836] 112 __init__.py - INFO - Memory used: 30.15 KB (peak: 716.44 KB)
[2025-06-12 19:40:48,836] 100 __init__.py - INFO - Running 'extract_text'...
[2025-06-12 19:40:48,836] 103 Data_Ingestion.py - INFO - [SCRAPER] Attempt 1 for URL: https://in.investing.com/news/stock-market-news/eternal-shares-show-bullish-candlestick-patterns-sebi-ra-rohit-mehta-flags-next-resistance-at-30445-4867821
[2025-06-12 19:40:51,019] 130 Data_Ingestion.py - INFO - [SCRAPER] Successfully extracted article for URL: https://in.investing.com/news/stock-market-news/eternal-shares-show-bullish-candlestick-patterns-sebi-ra-rohit-mehta-flags-next-resistance-at-30445-4867821
[2025-06-12 19:40:51,077] 111 __init__.py - INFO - 'extract_text' completed in 2.2411 sec
[2025-06-12 19:40:51,078] 112 __init__.py - INFO - Memory used: 28.41 KB (peak: 716.62 KB)
[2025-06-12 19:40:51,078] 100 __init__.py - INFO - Running 'extract_text'...
[2025-06-12 19:40:51,078] 103 Data_Ingestion.py - INFO - [SCRAPER] Attempt 1 for URL: https://in.investing.com/news/stock-market-news/india-shares-higher-at-close-of-trade-nifty-50-up-040-4867784
[2025-06-12 19:40:53,338] 130 Data_Ingestion.py - INFO - [SCRAPER] Successfully extracted article for URL: https://in.investing.com/news/stock-market-news/india-shares-higher-at-close-of-trade-nifty-50-up-040-4867784
[2025-06-12 19:40:53,396] 111 __init__.py - INFO - 'extract_text' completed in 2.3182 sec
[2025-06-12 19:40:53,396] 112 __init__.py - INFO - Memory used: 30.85 KB (peak: 716.56 KB)
[2025-06-12 19:40:53,397] 100 __init__.py - INFO - Running 'extract_text'...
[2025-06-12 19:40:53,397] 103 Data_Ingestion.py - INFO - [SCRAPER] Attempt 1 for URL: https://in.investing.com/news/stock-market-news/ntpc-stock-on-bullish-trend-couldretest-350-this-month-sebi-ra-deepak-pal-4867705
[2025-06-12 19:40:55,590] 130 Data_Ingestion.py - INFO - [SCRAPER] Successfully extracted article for URL: https://in.investing.com/news/stock-market-news/ntpc-stock-on-bullish-trend-couldretest-350-this-month-sebi-ra-deepak-pal-4867705
[2025-06-12 19:40:55,648] 111 __init__.py - INFO - 'extract_text' completed in 2.2512 sec
[2025-06-12 19:40:55,648] 112 __init__.py - INFO - Memory used: 28.57 KB (peak: 716.61 KB)
[2025-06-12 19:40:55,649] 100 __init__.py - INFO - Running 'extract_text'...
[2025-06-12 19:40:55,649] 103 Data_Ingestion.py - INFO - [SCRAPER] Attempt 1 for URL: https://in.investing.com/news/stock-market-news/asian-markets-open-positive-start-with-nikkei-091-kospi-171-sensex-tracks-global-gains-4867454
[2025-06-12 19:41:10,652] 130 Data_Ingestion.py - INFO - [SCRAPER] Successfully extracted article for URL: https://in.investing.com/news/stock-market-news/asian-markets-open-positive-start-with-nikkei-091-kospi-171-sensex-tracks-global-gains-4867454
[2025-06-12 19:41:10,710] 111 __init__.py - INFO - 'extract_text' completed in 15.0616 sec
[2025-06-12 19:41:10,711] 112 __init__.py - INFO - Memory used: 32.57 KB (peak: 716.99 KB)
[2025-06-12 19:41:10,711] 100 __init__.py - INFO - Running 'extract_text'...
[2025-06-12 19:41:10,711] 103 Data_Ingestion.py - INFO - [SCRAPER] Attempt 1 for URL: https://in.investing.com/news/stock-market-news/indian-markets-open-higher-nifty-holds-above-25000-following-rbi-rate-cut-4867438
[2025-06-12 19:41:13,074] 130 Data_Ingestion.py - INFO - [SCRAPER] Successfully extracted article for URL: https://in.investing.com/news/stock-market-news/indian-markets-open-higher-nifty-holds-above-25000-following-rbi-rate-cut-4867438
[2025-06-12 19:41:13,132] 111 __init__.py - INFO - 'extract_text' completed in 2.4209 sec
[2025-06-12 19:41:13,132] 112 __init__.py - INFO - Memory used: 23.05 KB (peak: 717.53 KB)
[2025-06-12 19:41:13,133] 100 __init__.py - INFO - Running 'extract_text'...
[2025-06-12 19:41:13,133] 103 Data_Ingestion.py - INFO - [SCRAPER] Attempt 1 for URL: https://in.investing.com/news/stock-market-news/asia-stocks-rise-with-sinous-talks-china-data-in-focus-4867399
[2025-06-12 19:41:35,039] 130 Data_Ingestion.py - INFO - [SCRAPER] Successfully extracted article for URL: https://in.investing.com/news/stock-market-news/asia-stocks-rise-with-sinous-talks-china-data-in-focus-4867399
[2025-06-12 19:41:35,098] 111 __init__.py - INFO - 'extract_text' completed in 21.9655 sec
[2025-06-12 19:41:35,098] 112 __init__.py - INFO - Memory used: 29.14 KB (peak: 716.81 KB)
[2025-06-12 19:41:35,099] 100 __init__.py - INFO - Running 'extract_text'...
[2025-06-12 19:41:35,099] 103 Data_Ingestion.py - INFO - [SCRAPER] Attempt 1 for URL: https://in.investing.com/news/stock-market-news/india-markets-as-nifty-hovers-around-25000-after-rbi-rate-cut-sebi-ras-flag-key-levels-to-watch-this-week-4867397
[2025-06-12 19:41:37,509] 130 Data_Ingestion.py - INFO - [SCRAPER] Successfully extracted article for URL: https://in.investing.com/news/stock-market-news/india-markets-as-nifty-hovers-around-25000-after-rbi-rate-cut-sebi-ras-flag-key-levels-to-watch-this-week-4867397
[2025-06-12 19:41:37,568] 111 __init__.py - INFO - 'extract_text' completed in 2.4687 sec
[2025-06-12 19:41:37,568] 112 __init__.py - INFO - Memory used: 30.10 KB (peak: 716.48 KB)
[2025-06-12 19:41:39,572] 162 Data_Ingestion.py - INFO - [SCRAPE] Fetching page 4
[2025-06-12 19:41:42,039] 100 __init__.py - INFO - Running 'extract_text'...
[2025-06-12 19:41:42,039] 103 Data_Ingestion.py - INFO - [SCRAPER] Attempt 1 for URL: https://in.investing.com/news/stock-market-news/asian-markets-open-most-futures-lower-sensex-to-open-flat-as-rbi-policy-decision-looms-4866922
[2025-06-12 19:41:44,673] 130 Data_Ingestion.py - INFO - [SCRAPER] Successfully extracted article for URL: https://in.investing.com/news/stock-market-news/asian-markets-open-most-futures-lower-sensex-to-open-flat-as-rbi-policy-decision-looms-4866922
[2025-06-12 19:41:44,731] 111 __init__.py - INFO - 'extract_text' completed in 2.6921 sec
[2025-06-12 19:41:44,731] 112 __init__.py - INFO - Memory used: 38.40 KB (peak: 720.58 KB)
[2025-06-12 19:41:44,732] 100 __init__.py - INFO - Running 'extract_text'...
[2025-06-12 19:41:44,732] 103 Data_Ingestion.py - INFO - [SCRAPER] Attempt 1 for URL: https://in.investing.com/news/stock-market-news/heres-why-the-nifty-50-index-may-surge-after-the-rbi-rate-cut-4866921
[2025-06-12 19:41:47,136] 130 Data_Ingestion.py - INFO - [SCRAPER] Successfully extracted article for URL: https://in.investing.com/news/stock-market-news/heres-why-the-nifty-50-index-may-surge-after-the-rbi-rate-cut-4866921
[2025-06-12 19:41:47,195] 111 __init__.py - INFO - 'extract_text' completed in 2.4630 sec
[2025-06-12 19:41:47,195] 112 __init__.py - INFO - Memory used: 27.97 KB (peak: 716.53 KB)
[2025-06-12 19:41:47,195] 100 __init__.py - INFO - Running 'extract_text'...
[2025-06-12 19:41:47,195] 103 Data_Ingestion.py - INFO - [SCRAPER] Attempt 1 for URL: https://in.investing.com/news/stock-market-news/nifty-reclaims-25000-mark-as-rbi-surprises-with-dual-rate-cuts-realty-gold-finance-stocks-shine-4866359
[2025-06-12 19:41:49,711] 130 Data_Ingestion.py - INFO - [SCRAPER] Successfully extracted article for URL: https://in.investing.com/news/stock-market-news/nifty-reclaims-25000-mark-as-rbi-surprises-with-dual-rate-cuts-realty-gold-finance-stocks-shine-4866359
[2025-06-12 19:41:49,769] 111 __init__.py - INFO - 'extract_text' completed in 2.5736 sec
[2025-06-12 19:41:49,769] 112 __init__.py - INFO - Memory used: 31.17 KB (peak: 716.91 KB)
[2025-06-12 19:41:49,770] 100 __init__.py - INFO - Running 'extract_text'...
[2025-06-12 19:41:49,770] 103 Data_Ingestion.py - INFO - [SCRAPER] Attempt 1 for URL: https://in.investing.com/news/stock-market-news/india-shares-higher-at-close-of-trade-nifty-50-up-102-4866324
[2025-06-12 19:41:51,998] 130 Data_Ingestion.py - INFO - [SCRAPER] Successfully extracted article for URL: https://in.investing.com/news/stock-market-news/india-shares-higher-at-close-of-trade-nifty-50-up-102-4866324
[2025-06-12 19:41:52,057] 111 __init__.py - INFO - 'extract_text' completed in 2.2872 sec
[2025-06-12 19:41:52,057] 112 __init__.py - INFO - Memory used: 32.24 KB (peak: 716.66 KB)
[2025-06-12 19:41:52,058] 100 __init__.py - INFO - Running 'extract_text'...
[2025-06-12 19:41:52,058] 103 Data_Ingestion.py - INFO - [SCRAPER] Attempt 1 for URL: https://in.investing.com/news/stock-market-news/rbis-rate-cut-spurs-nifty-to-test-25000-bank-nifty-hits-fresh-record-sebi-ras-bullish-on-banks-and-realty-4866047
[2025-06-12 19:41:54,299] 130 Data_Ingestion.py - INFO - [SCRAPER] Successfully extracted article for URL: https://in.investing.com/news/stock-market-news/rbis-rate-cut-spurs-nifty-to-test-25000-bank-nifty-hits-fresh-record-sebi-ras-bullish-on-banks-and-realty-4866047
[2025-06-12 19:41:54,358] 111 __init__.py - INFO - 'extract_text' completed in 2.3002 sec
[2025-06-12 19:41:54,358] 112 __init__.py - INFO - Memory used: 23.03 KB (peak: 716.79 KB)
[2025-06-12 19:41:54,358] 100 __init__.py - INFO - Running 'extract_text'...
[2025-06-12 19:41:54,359] 103 Data_Ingestion.py - INFO - [SCRAPER] Attempt 1 for URL: https://in.investing.com/news/stock-market-news/asia-stocks-flat-with-focus-on-us-trade-talks-japan-firms-past-weak-spending-data-4865919
[2025-06-12 19:42:04,369] 130 Data_Ingestion.py - INFO - [SCRAPER] Successfully extracted article for URL: https://in.investing.com/news/stock-market-news/asia-stocks-flat-with-focus-on-us-trade-talks-japan-firms-past-weak-spending-data-4865919
[2025-06-12 19:42:04,427] 111 __init__.py - INFO - 'extract_text' completed in 10.0686 sec
[2025-06-12 19:42:04,427] 112 __init__.py - INFO - Memory used: 32.13 KB (peak: 716.92 KB)
[2025-06-12 19:42:04,428] 100 __init__.py - INFO - Running 'extract_text'...
[2025-06-12 19:42:04,428] 103 Data_Ingestion.py - INFO - [SCRAPER] Attempt 1 for URL: https://in.investing.com/news/economy-news/rbi-cuts-interest-rates-by-biggerthanexpected-50-bps-shifts-to-neutral-4865962
[2025-06-12 19:42:06,588] 130 Data_Ingestion.py - INFO - [SCRAPER] Successfully extracted article for URL: https://in.investing.com/news/economy-news/rbi-cuts-interest-rates-by-biggerthanexpected-50-bps-shifts-to-neutral-4865962
[2025-06-12 19:42:06,647] 111 __init__.py - INFO - 'extract_text' completed in 2.2195 sec
[2025-06-12 19:42:06,647] 112 __init__.py - INFO - Memory used: 28.30 KB (peak: 716.37 KB)
[2025-06-12 19:42:06,648] 100 __init__.py - INFO - Running 'extract_text'...
[2025-06-12 19:42:06,648] 103 Data_Ingestion.py - INFO - [SCRAPER] Attempt 1 for URL: https://in.investing.com/news/stock-market-news/all-eyes-on-rbi-indian-markets-cautious-nifty-hovers-around-24700-in-early-trade-4865956
[2025-06-12 19:42:09,086] 130 Data_Ingestion.py - INFO - [SCRAPER] Successfully extracted article for URL: https://in.investing.com/news/stock-market-news/all-eyes-on-rbi-indian-markets-cautious-nifty-hovers-around-24700-in-early-trade-4865956
[2025-06-12 19:42:09,144] 111 __init__.py - INFO - 'extract_text' completed in 2.4963 sec
[2025-06-12 19:42:09,144] 112 __init__.py - INFO - Memory used: 30.81 KB (peak: 716.61 KB)
[2025-06-12 19:42:09,145] 100 __init__.py - INFO - Running 'extract_text'...
[2025-06-12 19:42:09,145] 103 Data_Ingestion.py - INFO - [SCRAPER] Attempt 1 for URL: https://in.investing.com/news/stock-market-news/nifty-rangebound-ahead-of-rbi-policy-sebi-ras-flag-key-levels-to-watch-4865945
[2025-06-12 19:42:11,435] 130 Data_Ingestion.py - INFO - [SCRAPER] Successfully extracted article for URL: https://in.investing.com/news/stock-market-news/nifty-rangebound-ahead-of-rbi-policy-sebi-ras-flag-key-levels-to-watch-4865945
[2025-06-12 19:42:11,494] 111 __init__.py - INFO - 'extract_text' completed in 2.3487 sec
[2025-06-12 19:42:11,494] 112 __init__.py - INFO - Memory used: 23.53 KB (peak: 716.73 KB)
[2025-06-12 19:42:11,494] 100 __init__.py - INFO - Running 'extract_text'...
[2025-06-12 19:42:11,494] 103 Data_Ingestion.py - INFO - [SCRAPER] Attempt 1 for URL: https://in.investing.com/news/pro/morgan-stanley-lists-actionable-ideas-from-the-q4-earnings-season-in-india-432SI-4865877
[2025-06-12 19:42:24,234] 134 Data_Ingestion.py - WARNING - [SCRAPE RETRY 1] URL: https://in.investing.com/news/pro/morgan-stanley-lists-actionable-ideas-from-the-q4-earnings-season-in-india-432SI-4865877 - Error: Message: 

[2025-06-12 19:42:27,300] 103 Data_Ingestion.py - INFO - [SCRAPER] Attempt 2 for URL: https://in.investing.com/news/pro/morgan-stanley-lists-actionable-ideas-from-the-q4-earnings-season-in-india-432SI-4865877
[2025-06-12 19:42:39,486] 134 Data_Ingestion.py - WARNING - [SCRAPE RETRY 2] URL: https://in.investing.com/news/pro/morgan-stanley-lists-actionable-ideas-from-the-q4-earnings-season-in-india-432SI-4865877 - Error: Message: 

[2025-06-12 19:42:42,552] 103 Data_Ingestion.py - INFO - [SCRAPER] Attempt 3 for URL: https://in.investing.com/news/pro/morgan-stanley-lists-actionable-ideas-from-the-q4-earnings-season-in-india-432SI-4865877
[2025-06-12 19:42:54,730] 134 Data_Ingestion.py - WARNING - [SCRAPE RETRY 3] URL: https://in.investing.com/news/pro/morgan-stanley-lists-actionable-ideas-from-the-q4-earnings-season-in-india-432SI-4865877 - Error: Message: 

[2025-06-12 19:42:54,730] 138 Data_Ingestion.py - ERROR - [SCRAPE FAILED] Max retries reached for URL: https://in.investing.com/news/pro/morgan-stanley-lists-actionable-ideas-from-the-q4-earnings-season-in-india-432SI-4865877
[2025-06-12 19:42:54,794] 111 __init__.py - INFO - 'extract_text' completed in 43.2995 sec
[2025-06-12 19:42:54,794] 112 __init__.py - INFO - Memory used: 27.60 KB (peak: 736.17 KB)
[2025-06-12 19:42:54,796] 185 Data_Ingestion.py - INFO - [SCRAPE] Reached articles already present. Ending.
[2025-06-12 19:42:54,799] 100 __init__.py - INFO - Running 'finbert_implement'...
[2025-06-12 19:42:54,799] 163 finbert_implementation.py - INFO - Text Cleaning starting on news df
[2025-06-12 19:42:54,799] 84 finbert_implementation.py - INFO - [TextCleaner] Cleaning process started
[2025-06-12 19:43:03,283] 98 finbert_implementation.py - INFO - [TextCleaner] Completed processing 23 records
[2025-06-12 19:43:03,284] 166 finbert_implementation.py - INFO - Text Cleaning completed successfully on news df
[2025-06-12 19:43:03,284] 167 finbert_implementation.py - INFO - finbert implementation starting on news df
[2025-06-12 19:43:03,284] 110 finbert_implementation.py - INFO - [SentimentScorer] Loading model and tokenizer...
[2025-06-12 19:43:06,118] 113 finbert_implementation.py - INFO - [SentimentScorer] Model and tokenizer loaded.
[2025-06-12 19:43:06,119] 136 finbert_implementation.py - INFO - [SentimentScorer] Starting sentiment scoring...
[2025-06-12 19:43:16,834] 154 finbert_implementation.py - INFO - [SentimentScorer] Completed sentiment scoring for 3 days.
[2025-06-12 19:43:16,834] 170 finbert_implementation.py - INFO - finbert implementation completed sucessfully on news df
[2025-06-12 19:43:17,062] 111 __init__.py - INFO - 'finbert_implement' completed in 22.2637 sec
[2025-06-12 19:43:17,063] 112 __init__.py - INFO - Memory used: 92810.40 KB (peak: 185875.86 KB)
[2025-06-12 19:43:17,282] 218 Data_Ingestion.py - INFO - Sucessfully completed  update  new_data/news_data.csv 
[2025-06-12 19:43:17,283] 100 __init__.py - INFO - Running 'fetch_df'...
[2025-06-12 19:43:17,283] 100 __init__.py - INFO - Running 'connect'...
[2025-06-12 19:43:17,284] 111 __init__.py - INFO - 'connect' completed in 0.0001 sec
[2025-06-12 19:43:17,284] 112 __init__.py - INFO - Memory used: 0.33 KB (peak: 5.13 KB)
[2025-06-12 19:43:17,285] 111 __init__.py - INFO - 'fetch_df' completed in 0.0020 sec
[2025-06-12 19:43:17,286] 112 __init__.py - INFO - Memory used: 0.00 KB (peak: 0.00 KB)
[2025-06-12 19:43:17,294] 232 Data_Ingestion.py - INFO - Sucessfully completed  update_dataframe for news_data.csv 
[2025-06-12 19:43:17,294] 100 __init__.py - INFO - Running 'write_df'...
[2025-06-12 19:43:17,295] 100 __init__.py - INFO - Running 'connect'...
[2025-06-12 19:43:17,295] 111 __init__.py - INFO - 'connect' completed in 0.0001 sec
[2025-06-12 19:43:17,295] 112 __init__.py - INFO - Memory used: 0.53 KB (peak: 5.34 KB)
[2025-06-12 19:43:17,302] 48 db_handler.py - INFO - [DB WRITE] Wrote 1411 records to table 'news_data' from file 'Data/raw_data/news_data.csv'
[2025-06-12 19:43:17,302] 111 __init__.py - INFO - 'write_df' completed in 0.0080 sec
[2025-06-12 19:43:17,303] 112 __init__.py - INFO - Memory used: 0.00 KB (peak: 0.00 KB)
[2025-06-12 19:43:17,303] 235 Data_Ingestion.py - INFO - Sucessfully completed  update_dataframe for news_data table 
[2025-06-12 19:43:17,303] 111 __init__.py - INFO - 'update_data' completed in 264.3247 sec
[2025-06-12 19:43:17,303] 112 __init__.py - INFO - Memory used: 0.00 KB (peak: 0.00 KB)
[2025-06-12 19:43:17,303] 100 __init__.py - INFO - Running 'align_sentiment_with_price'...
[2025-06-12 19:43:17,303] 422 Data_Ingestion.py - INFO - Reading tables in db as df....
[2025-06-12 19:43:17,315] 428 Data_Ingestion.py - INFO - Merging sentiment data with price data...
[2025-06-12 19:43:17,330] 461 Data_Ingestion.py - INFO - Sentiment alignment completed successfully.
[2025-06-12 19:43:17,362] 464 Data_Ingestion.py - INFO - Successfully updated ticker_data.csv with new stock data.
[2025-06-12 19:43:17,363] 111 __init__.py - INFO - 'align_sentiment_with_price' completed in 0.0599 sec
[2025-06-12 19:43:17,363] 112 __init__.py - INFO - Memory used: 166.87 KB (peak: 3335.91 KB)
[2025-06-12 19:43:17,366] 100 __init__.py - INFO - Running 'write_df'...
[2025-06-12 19:43:17,367] 100 __init__.py - INFO - Running 'connect'...
[2025-06-12 19:43:17,367] 111 __init__.py - INFO - 'connect' completed in 0.0001 sec
[2025-06-12 19:43:17,367] 112 __init__.py - INFO - Memory used: 0.53 KB (peak: 5.34 KB)
[2025-06-12 19:43:17,393] 48 db_handler.py - INFO - [DB WRITE] Wrote 1151 records to table 'final_data' from file 'Data/processed_data/final_data.csv'
[2025-06-12 19:43:17,393] 111 __init__.py - INFO - 'write_df' completed in 0.0266 sec
[2025-06-12 19:43:17,393] 112 __init__.py - INFO - Memory used: 0.00 KB (peak: 0.00 KB)
[2025-06-12 19:43:17,393] 484 Data_Ingestion.py - INFO -  Data Ingestion pipeline sucessfully executed
[2025-06-12 19:43:17,393] 111 __init__.py - INFO - 'execute_data_ingestion' completed in 515.1027 sec
[2025-06-12 19:43:17,393] 112 __init__.py - INFO - Memory used: 0.00 KB (peak: 0.00 KB)
[2025-06-12 19:43:17,393] 168 Data_Validation.py - INFO - Starting Data Validation pipeline
[2025-06-12 19:43:17,394] 100 __init__.py - INFO - Running 'fetch_df'...
[2025-06-12 19:43:17,394] 100 __init__.py - INFO - Running 'connect'...
[2025-06-12 19:43:17,394] 111 __init__.py - INFO - 'connect' completed in 0.0001 sec
[2025-06-12 19:43:17,394] 112 __init__.py - INFO - Memory used: 1.01 KB (peak: 5.81 KB)
[2025-06-12 19:43:17,397] 111 __init__.py - INFO - 'fetch_df' completed in 0.0034 sec
[2025-06-12 19:43:17,397] 112 __init__.py - INFO - Memory used: 0.00 KB (peak: 0.00 KB)
[2025-06-12 19:43:17,398] 100 __init__.py - INFO - Running 'run_all_checks'...
[2025-06-12 19:43:17,398] 140 Data_Validation.py - INFO - Starting data validation checks...
[2025-06-12 19:43:17,398] 100 __init__.py - INFO - Running 'check_columns'...
[2025-06-12 19:43:17,398] 111 __init__.py - INFO - 'check_columns' completed in 0.0000 sec
[2025-06-12 19:43:17,398] 112 __init__.py - INFO - Memory used: 1.81 KB (peak: 6.11 KB)
[2025-06-12 19:43:17,398] 100 __init__.py - INFO - Running 'check_dtypes'...
[2025-06-12 19:43:17,410] 111 __init__.py - INFO - 'check_dtypes' completed in 0.0116 sec
[2025-06-12 19:43:17,410] 112 __init__.py - INFO - Memory used: 124.69 KB (peak: 146.81 KB)
[2025-06-12 19:43:17,410] 100 __init__.py - INFO - Running 'check_missing_values'...
[2025-06-12 19:43:17,414] 111 __init__.py - INFO - 'check_missing_values' completed in 0.0039 sec
[2025-06-12 19:43:17,414] 112 __init__.py - INFO - Memory used: 21.08 KB (peak: 193.22 KB)
[2025-06-12 19:43:17,414] 100 __init__.py - INFO - Running 'check_value_ranges'...
[2025-06-12 19:43:17,422] 111 __init__.py - INFO - 'check_value_ranges' completed in 0.0075 sec
[2025-06-12 19:43:17,422] 112 __init__.py - INFO - Memory used: 18.40 KB (peak: 46.70 KB)
[2025-06-12 19:43:17,422] 100 __init__.py - INFO - Running 'check_duplicates'...
[2025-06-12 19:43:17,425] 111 __init__.py - INFO - 'check_duplicates' completed in 0.0025 sec
[2025-06-12 19:43:17,425] 112 __init__.py - INFO - Memory used: 7.23 KB (peak: 164.97 KB)
[2025-06-12 19:43:17,425] 100 __init__.py - INFO - Running 'check_future_dates'...
[2025-06-12 19:43:17,426] 111 __init__.py - INFO - 'check_future_dates' completed in 0.0010 sec
[2025-06-12 19:43:17,426] 112 __init__.py - INFO - Memory used: 3.70 KB (peak: 14.98 KB)
[2025-06-12 19:43:17,426] 157 Data_Validation.py - INFO - Data validation successful. Rows checked: 1150
[2025-06-12 19:43:17,426] 111 __init__.py - INFO - 'run_all_checks' completed in 0.0282 sec
[2025-06-12 19:43:17,426] 112 __init__.py - INFO - Memory used: 0.00 KB (peak: 0.00 KB)
[2025-06-12 19:43:17,426] 171 Data_Validation.py - INFO -  Data Validation pipeline sucessfully executed
[2025-06-12 19:43:17,426] 173 Data_Preprocessing.py - INFO - Starting Data Preprocessing pipeline
[2025-06-12 19:43:17,426] 100 __init__.py - INFO - Running 'fetch_df'...
[2025-06-12 19:43:17,426] 100 __init__.py - INFO - Running 'connect'...
[2025-06-12 19:43:17,427] 111 __init__.py - INFO - 'connect' completed in 0.0001 sec
[2025-06-12 19:43:17,427] 112 __init__.py - INFO - Memory used: 1.07 KB (peak: 5.81 KB)
[2025-06-12 19:43:17,430] 111 __init__.py - INFO - 'fetch_df' completed in 0.0033 sec
[2025-06-12 19:43:17,430] 112 __init__.py - INFO - Memory used: 0.00 KB (peak: 0.00 KB)
[2025-06-12 19:43:17,430] 100 __init__.py - INFO - Running 'data_preprocessing_steps'...
[2025-06-12 19:43:17,430] 100 __init__.py - INFO - Running 'apply'...
[2025-06-12 19:43:17,433] 44 Data_Preprocessing.py - INFO - Removed 0 duplicate rows.
[2025-06-12 19:43:17,433] 111 __init__.py - INFO - 'apply' completed in 0.0030 sec
[2025-06-12 19:43:17,433] 112 __init__.py - INFO - Memory used: 229.30 KB (peak: 291.04 KB)
[2025-06-12 19:43:17,433] 100 __init__.py - INFO - Running 'apply'...
[2025-06-12 19:43:17,435] 111 __init__.py - INFO - 'apply' completed in 0.0014 sec
[2025-06-12 19:43:17,435] 112 __init__.py - INFO - Memory used: 12.34 KB (peak: 24.16 KB)
[2025-06-12 19:43:17,435] 100 __init__.py - INFO - Running 'apply'...
[2025-06-12 19:43:17,443] 77 Data_Preprocessing.py - INFO - Applied missing value imputation using method: KNNImputer
[2025-06-12 19:43:17,444] 111 __init__.py - INFO - 'apply' completed in 0.0086 sec
[2025-06-12 19:43:17,444] 112 __init__.py - INFO - Memory used: 307.45 KB (peak: 767.17 KB)
[2025-06-12 19:43:17,444] 100 __init__.py - INFO - Running 'apply'...
[2025-06-12 19:43:17,496] 99 Data_Preprocessing.py - INFO - Outlier transformation applied using method: yeo on columns: ['crude_oil', 'gold', 'vix']
[2025-06-12 19:43:17,496] 111 __init__.py - INFO - 'apply' completed in 0.0523 sec
[2025-06-12 19:43:17,496] 112 __init__.py - INFO - Memory used: 191.71 KB (peak: 379.71 KB)
[2025-06-12 19:43:17,496] 100 __init__.py - INFO - Running 'apply'...
[2025-06-12 19:43:17,498] 120 Data_Preprocessing.py - INFO - Added percentage change column 'mean_sentiment_score_pct_chg'
[2025-06-12 19:43:17,499] 120 Data_Preprocessing.py - INFO - Added percentage change column 'nasdaq_pct_chg'
[2025-06-12 19:43:17,500] 120 Data_Preprocessing.py - INFO - Added percentage change column 'sp500_pct_chg'
[2025-06-12 19:43:17,501] 120 Data_Preprocessing.py - INFO - Added percentage change column 'dj30_pct_chg'
[2025-06-12 19:43:17,503] 120 Data_Preprocessing.py - INFO - Added percentage change column 'crude_oil_pct_chg'
[2025-06-12 19:43:17,504] 120 Data_Preprocessing.py - INFO - Added percentage change column 'gold_pct_chg'
[2025-06-12 19:43:17,505] 120 Data_Preprocessing.py - INFO - Added percentage change column 'usd_inr_pct_chg'
[2025-06-12 19:43:17,506] 120 Data_Preprocessing.py - INFO - Added percentage change column '10yb_pct_chg'
[2025-06-12 19:43:17,507] 120 Data_Preprocessing.py - INFO - Added percentage change column 'vix_pct_chg'
[2025-06-12 19:43:17,509] 120 Data_Preprocessing.py - INFO - Added percentage change column 'nsebank_pct_chg'
[2025-06-12 19:43:17,510] 120 Data_Preprocessing.py - INFO - Added percentage change column 'nsei_pct_chg'
[2025-06-12 19:43:17,513] 125 Data_Preprocessing.py - INFO - Shifted column 'nsei' to create 'target'
[2025-06-12 19:43:17,513] 111 __init__.py - INFO - 'apply' completed in 0.0163 sec
[2025-06-12 19:43:17,513] 112 __init__.py - INFO - Memory used: 407.02 KB (peak: 431.54 KB)
[2025-06-12 19:43:17,513] 147 Data_Preprocessing.py - INFO - Preprocessing pipeline completed successfully.
[2025-06-12 19:43:17,513] 111 __init__.py - INFO - 'data_preprocessing_steps' completed in 0.0833 sec
[2025-06-12 19:43:17,513] 112 __init__.py - INFO - Memory used: 0.00 KB (peak: 0.00 KB)
[2025-06-12 19:43:17,543] 179 Data_Preprocessing.py - INFO -  Data Preprocessing pipeline sucessfully executed
[2025-06-12 19:43:17,543] 175 Model_Tune_Evaluate.py - INFO - Starting Model Selection and Tuning...
[2025-06-12 19:43:17,553] 100 __init__.py - INFO - Running 'apply'...
[2025-06-12 19:43:17,585] 85 feature_splitting_scaling.py - INFO - Successfully applied scaling and data splitting.
[2025-06-12 19:43:17,585] 111 __init__.py - INFO - 'apply' completed in 0.0324 sec
[2025-06-12 19:43:17,586] 112 __init__.py - INFO - Memory used: 511.68 KB (peak: 752.99 KB)
[2025-06-12 19:43:17,586] 100 __init__.py - INFO - Running 'run_grid_search'...
[2025-06-12 19:43:17,596] 80 Model_Tune_Evaluate.py - INFO - Grid searching: lasso
[2025-06-12 19:43:17,643] 106 Model_Tune_Evaluate.py - INFO - Best params for lasso: {'alpha': 0.1, 'max_iter': 1000}
[2025-06-12 19:43:17,663] 80 Model_Tune_Evaluate.py - INFO - Grid searching: ridge
[2025-06-12 19:43:17,700] 106 Model_Tune_Evaluate.py - INFO - Best params for ridge: {'alpha': 0.1, 'solver': 'lsqr'}
[2025-06-12 19:43:17,717] 80 Model_Tune_Evaluate.py - INFO - Grid searching: xgboost
[2025-06-12 19:43:54,270] 106 Model_Tune_Evaluate.py - INFO - Best params for xgboost: {'n_estimators': 200, 'max_depth': 3, 'learning_rate': 0.1, 'subsample': 1.0, 'colsample_bytree': 1.0, 'gamma': 0, 'reg_alpha': 0.1, 'reg_lambda': 1.5}
[2025-06-12 19:43:54,379] 78 Model_Tune_Evaluate.py - INFO - Skipping lstm as it's not in the allowed list.
[2025-06-12 19:43:54,381] 111 __init__.py - INFO - 'run_grid_search' completed in 36.7949 sec
[2025-06-12 19:43:54,381] 112 __init__.py - INFO - Memory used: 669.42 KB (peak: 1181.02 KB)
[2025-06-12 19:43:54,381] 100 __init__.py - INFO - Running 'save_results'...
[2025-06-12 19:43:54,381] 159 Model_Tune_Evaluate.py - INFO - Best model: Lasso with params: {'alpha': 0.1, 'max_iter': 1000} and test Adjusted R²: 0.924
[2025-06-12 19:43:54,387] 111 __init__.py - INFO - 'save_results' completed in 0.0060 sec
[2025-06-12 19:43:54,387] 112 __init__.py - INFO - Memory used: 33.36 KB (peak: 73.85 KB)
[2025-06-12 19:43:54,388] 180 Model_Tune_Evaluate.py - INFO - Selected model tuning completed successfully.
[2025-06-12 19:43:54,388] 25 main.py - INFO - End to End ML pipeline execution completed successfully...
[2025-06-12 19:43:54,388] 111 __init__.py - INFO - 'execute_pipeline' completed in 552.1034 sec
[2025-06-12 19:43:54,388] 112 __init__.py - INFO - Memory used: 0.00 KB (peak: 0.00 KB)
[2025-06-12 19:43:54,388] 36 main.py - INFO -  End to End ML pipeline execution completed successfully...
